[2014/08/13 21:13:47] Start running densetraj_encode_sge_2014(video-bg, 1, 1)
[2014/08/13 21:15:05] Finish running densetraj_encode_sge_2014(video-bg, 1, 1). Elapsed time: 00:01:15
[2014/08/13 22:38:20] Start running densetraj_encode_sge_2014(video-bg, 1, 1)
[2014/08/13 22:38:57] Finish running densetraj_encode_sge_2014(video-bg, 1, 1). Elapsed time: 00:00:36
[2014/08/13 23:04:47] Start running densetraj_encode_sge_2014(video-bg, 1, 1)
[2014/08/13 23:07:05] Finish running densetraj_encode_sge_2014(video-bg, 1, 1). Elapsed time: 00:02:18
[2014/08/13 23:15:56] Start running densetraj_encode_sge_2014(video-bg, 1, 1)
[2014/08/13 23:17:49] Finish running densetraj_encode_sge_2014(video-bg, 1, 1). Elapsed time: 00:01:53
[2014/08/14 11:09:54] Start running densetraj_encode_sge_2014(video-bg, 1, 1)
[2014/08/14 11:11:50] Finish running densetraj_encode_sge_2014(video-bg, 1, 1). Elapsed time: 00:01:55
[2014/08/14 12:48:18] Start running densetraj_encode_sge_2014(video-bg, 1, 1)
[2014/08/14 12:48:30] Start running densetraj_encode_sge_2014(video-bg, 200, 200)
[2014/08/14 12:49:22] Start running densetraj_encode_sge_2014(video-bg, 250, 250)
[2014/08/14 12:50:40] Finish running densetraj_encode_sge_2014(video-bg, 250, 250). Elapsed time: 00:01:17
[2014/08/14 12:59:40] Start running densetraj_encode_sge_2014(video-bg, 254, 254)
[2014/08/14 13:00:45] Finish running densetraj_encode_sge_2014(video-bg, 254, 254). Elapsed time: 00:01:05
[2014/08/14 13:07:58] Start running densetraj_encode_sge_2014(video-bg, 90, 90)
[2014/08/14 13:07:57] Start running densetraj_encode_sge_2014(video-bg, 157, 157)
[2014/08/14 13:07:57] Start running densetraj_encode_sge_2014(video-bg, 106, 106)
[2014/08/14 13:07:57] Start running densetraj_encode_sge_2014(video-bg, 173, 173)
[2014/08/14 13:07:58] Start running densetraj_encode_sge_2014(video-bg, 224, 224)
[2014/08/14 13:07:59] Start running densetraj_encode_sge_2014(video-bg, 240, 240)
[2014/08/14 13:08:15] Start running densetraj_encode_sge_2014(video-bg, 175, 175)
[2014/08/14 13:08:15] Start running densetraj_encode_sge_2014(video-bg, 242, 242)
[2014/08/14 13:08:15] Start running densetraj_encode_sge_2014(video-bg, 23, 23)
[2014/08/14 13:08:15] Start running densetraj_encode_sge_2014(video-bg, 108, 108)
[2014/08/14 13:08:15] Start running densetraj_encode_sge_2014(video-bg, 88, 88)
[2014/08/14 13:08:15] Start running densetraj_encode_sge_2014(video-bg, 155, 155)
[2014/08/14 13:08:15] Start running densetraj_encode_sge_2014(video-bg, 41, 41)
[2014/08/14 13:08:15] Start running densetraj_encode_sge_2014(video-bg, 222, 222)
[2014/08/14 13:08:16] Start running densetraj_encode_sge_2014(video-bg, 117, 117)
[2014/08/14 13:08:16] Start running densetraj_encode_sge_2014(video-bg, 213, 213)
[2014/08/14 13:08:16] Start running densetraj_encode_sge_2014(video-bg, 1, 1)
[2014/08/14 13:08:16] Start running densetraj_encode_sge_2014(video-bg, 79, 79)
[2014/08/14 13:08:16] Start running densetraj_encode_sge_2014(video-bg, 251, 251)
[2014/08/14 13:08:16] Start running densetraj_encode_sge_2014(video-bg, 146, 146)
[2014/08/14 13:08:16] Start running densetraj_encode_sge_2014(video-bg, 50, 50)
[2014/08/14 13:08:16] Start running densetraj_encode_sge_2014(video-bg, 183, 183)
[2014/08/14 13:08:16] Start running densetraj_encode_sge_2014(video-bg, 147, 147)
[2014/08/14 13:08:16] Start running densetraj_encode_sge_2014(video-bg, 80, 80)
[2014/08/14 13:08:16] Start running densetraj_encode_sge_2014(video-bg, 122, 122)
[2014/08/14 13:08:16] Start running densetraj_encode_sge_2014(video-bg, 68, 68)
[2014/08/14 13:08:16] Start running densetraj_encode_sge_2014(video-bg, 63, 63)
[2014/08/14 13:08:16] Start running densetraj_encode_sge_2014(video-bg, 143, 143)
[2014/08/14 13:08:16] Start running densetraj_encode_sge_2014(video-bg, 202, 202)
014/08/14 13:08:16] Start running densetraj_encode_sge_2014(video-bg, 214, 214)
[2014/08/14 13:08:16] Start running densetraj_encode_sge_2014(video-bg, 250, 250)
[2014/08/14 13:08:16] Start running densetraj_encode_sge_2014(video-bg, 32, 32)
)
[2014/08/14 13:08:16] Start running densetraj_encode_sge_2014(video-bg, 49, 49)
)
[2014/08/14 13:08:16] Start running densetraj_encode_sge_2014(video-bg, 29, 29)
[2014/08/14 13:08:16] Start running densetraj_encode_sge_2014(video-bg, 234, 234)
[2014/08/14 13:08:17] Start running densetraj_encode_sge_2014(video-bg, 140, 140)
[2014/08/14 13:08:16] Start running densetraj_encode_sge_2014(video-bg, 165, 165)
[2014/08/14 13:08:16] Start running densetraj_encode_sge_2014(video-bg, 9, 9)
[2014/08/14 13:08:16] Start running densetraj_encode_sge_2014(video-bg, 71, 71)
[2014/08/14 13:08:17] Start running densetraj_encode_sge_2014(video-bg, 100, 100)
[2014/08/14 13:08:17] Start running densetraj_encode_sge_2014(video-bg, 125, 125)
[2014/08/14 13:08:17] Start running densetraj_encode_sge_2014(video-bg, 252, 252)
[2014/08/14 13:08:17] Start running densetraj_encode_sge_2014(video-bg, 205, 205)
[2014/08/14 13:08:17] Start running densetraj_encode_sge_2014(video-bg, 60, 60)
[2014/08/14 13:08:17] Start running densetraj_encode_sge_2014(video-bg, 25, 25)
[2014/08/14 13:08:17] Start running densetraj_encode_sge_2014(video-bg, 185, 185)
[2014/08/14 13:08:17] Start running densetraj_encode_sge_2014(video-bg, 91, 91)
[2014/08/14 13:08:17] Start running densetraj_encode_sge_2014(video-bg, 158, 158)
[2014/08/14 13:08:17] Start running densetraj_encode_sge_2014(video-bg, 51, 51)
[2014/08/14 13:08:17] Start running densetraj_encode_sge_2014(video-bg, 225, 225)
[2014/08/14 13:08:17] Start running densetraj_encode_sge_2014(video-bg, 118, 118)
[2014/08/14 13:08:17] Finish running densetraj_encode_sge_2014(video-bg, 250, 250). Elapsed time: 00:00:00
[2014/08/14 13:08:17] Start running densetraj_encode_sge_2014(video-bg, 15, 15)
[2014/08/14 13:08:17] Start running densetraj_encode_sge_2014(video-bg, 160, 160)
[2014/08/14 13:08:17] Start running densetraj_encode_sge_2014(video-bg, 65, 65)
[2014/08/14 13:08:17] Start running densetraj_encode_sge_2014(video-bg, 27, 27)
[2014/08/14 13:08:17] Start running densetraj_encode_sge_2014(video-bg, 120, 120)
[2014/08/14 13:08:17] Start running densetraj_encode_sge_2014(video-bg, 254, 254)
[2014/08/14 13:08:18] Start running densetraj_encode_sge_2014(video-bg, 142, 142)
[2014/08/14 13:08:17] Start running densetraj_encode_sge_2014(video-bg, 66, 66)
[2014/08/14 13:08:17] Start running densetraj_encode_sge_2014(video-bg, 145, 145)
[2014/08/14 13:08:18] Start running densetraj_encode_sge_2014(video-bg, 200, 200)
[2014/08/14 13:08:18] Start running densetraj_encode_sge_2014(video-bg, 239, 239)
[2014/08/14 13:08:18] Start running densetraj_encode_sge_2014(video-bg, 30, 30)
[2014/08/14 13:08:18] Start running densetraj_encode_sge_2014(video-bg, 102, 102)
[2014/08/14 13:08:18] Start running densetraj_encode_sge_2014(video-bg, 236, 236)
[2014/08/14 13:08:18] Start running densetraj_encode_sge_2014(video-bg, 62, 62)
[2014/08/14 13:08:18] Start running densetraj_encode_sge_2014(video-bg, 123, 123)
[2014/08/14 13:08:18] Start running densetraj_encode_sge_2014(video-bg, 11, 11)
[2014/08/14 13:08:18] Start running densetraj_encode_sge_2014(video-bg, 203, 203)
[2014/08/14 13:08:18] Start running densetraj_encode_sge_2014(video-bg, 163, 163)
[2014/08/14 13:08:18] Start running densetraj_encode_sge_2014(video-bg, 196, 196)
[2014/08/14 13:08:18] Start running densetraj_encode_sge_2014(video-bg, 69, 69)
[2014/08/14 13:08:18] Finish running densetraj_encode_sge_2014(video-bg, 254, 254). Elapsed time: 00:00:00
[2014/08/14 13:08:18] Start running densetraj_encode_sge_2014(video-bg, 53, 53)
[2014/08/14 13:08:18] Start running densetraj_encode_sge_2014(video-bg, 132, 132)
[2014/08/14 13:08:18] Start running densetraj_encode_sge_2014(video-bg, 133, 133)
[2014/08/14 13:08:18] Start running densetraj_encode_sge_2014(video-bg, 212, 212)
[2014/08/14 13:08:18] Start running densetraj_encode_sge_2014(video-bg, 39, 39)
[2014/08/14 13:08:18] Start running densetraj_encode_sge_2014(video-bg, 172, 172)
[2014/08/14 13:08:18] Start running densetraj_encode_sge_2014(video-bg, 227, 227)
[2014/08/14 13:08:18] Start running densetraj_encode_sge_2014(video-bg, 78, 78)
[2014/08/14 13:08:18] Start running densetraj_encode_sge_2014(video-bg, 2, 2)
[2014/08/14 13:08:18] Start running densetraj_encode_sge_2014(video-bg, 187, 187)
[2014/08/14 13:08:18] Start running densetraj_encode_sge_2014(video-bg, 93, 93)
[2014/08/14 13:08:19] Start running densetraj_encode_sge_2014(video-bg, 57, 57)
)
014/08/14 13:08:19] Start running densetraj_encode_sge_2014(video-bg, 113, 113)
[2014/08/14 13:08:19] Start running densetraj_encode_sge_2014(video-bg, 46, 46)
[2014/08/14 13:08:19] Start running densetraj_encode_sge_2014(video-bg, 247, 247)
[2014/08/14 13:08:19] Start running densetraj_encode_sge_2014(video-bg, 217, 217)
[2014/08/14 13:08:19] Start running densetraj_encode_sge_2014(video-bg, 18, 18)
[2014/08/14 13:08:19] Start running densetraj_encode_sge_2014(video-bg, 150, 150)
[2014/08/14 13:08:19] Start running densetraj_encode_sge_2014(video-bg, 192, 192)
[2014/08/14 13:08:19] Start running densetraj_encode_sge_2014(video-bg, 6, 6)
[2014/08/14 13:08:19] Start running densetraj_encode_sge_2014(video-bg, 97, 97)
67)
[2014/08/14 13:08:21] Start running densetraj_encode_sge_2014(video-bg, 215, 215[2014/08/14 13:08:19] Start running densetraj_encode_sge_2014(video-bg, 58, 58)
)
)
[2014/08/14 13:08:19] Start running densetraj_encode_sge_2014(video-bg, 98, 98)
[2014/08/14 13:08:19] Start running densetraj_encode_sge_2014(video-bg, 216, 216[2[2014/08/14 13:08:21] Start running densetraj_encode_sge_2014(video-bg, 152, 152[2[2014/08/14 13:08:21] Start running densetraj_encode_sge_2014(video-bg, 85, 85)
[2014/08/14 13:08:21] Start running densetraj_encode_sge_2014(video-bg, 243, 243)
[2014/08/14 13:08:21] Start running densetraj_encode_sge_2014(video-bg, 20, 20)
)
)
[2014/08/14 13:08:21] Start running densetraj_encode_sge_2014(video-bg, 43, 43)
)
[2014/08/14 13:08:21] Start running densetraj_encode_sge_2014(video-bg, 182, 182)
[2014/08/14 13:08:22] Start running densetraj_encode_sge_2014(video-bg, 42, 42)
)
[2014/08/14 13:08:22] Start running densetraj_encode_sge_2014(video-bg, 127, 127)
[2014/08/14 13:08:21] Start running densetraj_encode_sge_2014(video-bg, 86, 86)
[2014/08/14 13:08:21] Start running densetraj_encode_sge_2014(video-bg, 153, 153)
[2014/08/14 13:08:22] Start running densetraj_encode_sge_2014(video-bg, 109, 109)
[2014/08/14 13:08:22] Start running densetraj_encode_sge_2014(video-bg, 178, 178)
[2014/08/14 13:08:22] Start running densetraj_encode_sge_2014(video-bg, 232, 232)
[2014/08/14 13:08:22] Start running densetraj_encode_sge_2014(video-bg, 207, 207)
[2014/08/14 13:08:22] Start running densetraj_encode_sge_2014(video-bg, 7, 7)
[2014/08/14 13:08:22] Start running densetraj_encode_sge_2014(video-bg, 111, 111)
[2014/08/14 13:08:22] Start running densetraj_encode_sge_2014(video-bg, 245, 245)
[2014/08/14 13:08:22] Start running densetraj_encode_sge_2014(video-bg, 8, 8)
[2014/08/14 13:08:22] Start running densetraj_encode_sge_2014(video-bg, 129, 129[2014/08/14 13:08:22] Start running densetraj_encode_sge_2014(video-bg, 166, 166)
[2014/08/14 13:08:23] Start running densetraj_encode_sge_2014(video-bg, 56, 56)
)
[2014/08/14 13:08:23] Start running densetraj_encode_sge_2014(video-bg, 195, 195)
[2014/08/14 13:08:22] Start running densetraj_encode_sge_2014(video-bg, 59, 59)
[2014/08/14 13:08:23] Start running densetraj_encode_sge_2014(video-bg, 230, 230[2[2014/08/14 13:08:23] Start running densetraj_encode_sge_2014(video-bg, 95, 95)
)
[2014/08/14 13:08:23] Start running densetraj_encode_sge_2014(video-bg, 235, 235[2[2014/08/14 13:08:23] Start running densetraj_encode_sge_2014(video-bg, 70, 70)
[2[2014/08/14 13:08:23] Start running densetraj_encode_sge_2014(video-bg, 36, 36)
01[2014/08/14 13:08:23] Start running densetraj_encode_sge_2014(video-bg, 75, 75)
[2014/08/14 13:08:23] Start running densetraj_encode_sge_2014(video-bg, 141, 141[2[2014/08/14 13:08:23] Start running densetraj_encode_sge_2014(video-bg, 101, 101[2014/08/14 13:08:23] Start running densetraj_encode_sge_2014(video-bg, 96, 96)
)
[2014/08/14 13:08:25] Start running densetraj_encode_sge_2014(video-bg, 174, 174[2[2014/08/14 13:08:25] Start running densetraj_encode_sge_2014(video-bg, 223, 2[201[2014/08/14 13:08:23] Start running densetraj_encode_sge_2014(video-bg, 5, 5)
[201[2014/08/14 13:08:25] Start running densetraj_encode_sge_2014(video-bg, 24, 24)
)
[2014/08/14 13:08:27] Start running densetraj_encode_sge_2014(video-bg, 211, 211[2014/08/14 13:08:25] Start running densetraj_encode_sge_2014(video-bg, 130, 130)
)
[2014/08/14 13:08:27] Start running densetraj_encode_sge_2014(video-bg, 94, 94)
[2014/08/14 13:08:26] Start running densetraj_encode_sge_2014(video-bg, 55, 55)
[2014/08/14 13:08:28] Start running densetraj_encode_sge_2014(video-bg, 188, 188)
[2014/08/14 13:08:28] Start running densetraj_encode_sge_2014(video-bg, 134, 134)
[2014/08/14 13:08:28] Start running densetraj_encode_sge_2014(video-bg, 3, 3)
[2014/08/14 13:08:28] Start running densetraj_encode_sge_2014(video-bg, 171, 171)
[2014/08/14 13:08:28] Start running densetraj_encode_sge_2014(video-bg, 228, 228)
[2014/08/14 13:08:28] Start running densetraj_encode_sge_2014(video-bg, 131, 131)
[2014/08/14 13:08:28] Start running densetraj_encode_sge_2014(video-bg, 54, 54)
[2014/08/14 13:08:29] Start running densetraj_encode_sge_2014(video-bg, 77, 77)
[2014/08/14 13:08:30] Start running densetraj_encode_sge_2014(video-bg, 64, 64)
[2014/08/14 13:08:30] Start running densetraj_encode_sge_2014(video-bg, 13, 13)
[2014/08/14 13:08:30] Start running densetraj_encode_sge_2014(video-bg, 198, 198)
[2014/08/14 13:08:30] Start running densetraj_encode_sge_2014(video-bg, 104, 104)
[2014/08/14 13:08:30] Start running densetraj_encode_sge_2014(video-bg, 161, 161)
[2014/08/14 13:08:30] Start running densetraj_encode_sge_2014(video-bg, 201, 201)
[2014/08/14 13:08:30] Start running densetraj_encode_sge_2014(video-bg, 28, 28)
[2014/08/14 13:08:30] Start running densetraj_encode_sge_2014(video-bg, 121, 121)
[2014/08/14 13:08:30] Start running densetraj_encode_sge_2014(video-bg, 67, 67)
[2014/08/14 13:08:30] Start running densetraj_encode_sge_2014(video-bg, 238, 238)
[2014/08/14 13:08:30] Start running densetraj_encode_sge_2014(video-bg, 144, 144)
[2014/08/14 13:12:57] Finish running densetraj_encode_sge_2014(video-bg, 233, 233). Elapsed time: 00:04:31
[2014/08/14 13:13:01] Finish running densetraj_encode_sge_2014(video-bg, 236, 236). Elapsed time: 00:04:41
[2014/08/14 13:13:05] Finish running densetraj_encode_sge_2014(video-bg, 187, 187). Elapsed time: 00:04:46
[2014/08/14 13:13:10] Finish running densetraj_encode_sge_2014(video-bg, 179, 179). Elapsed time: 00:04:41
[2014/08/14 13:13:10] Finish running densetraj_encode_sge_2014(video-bg, 220, 220). Elapsed time: 00:04:47
[2014/08/14 13:13:16] Finish running densetraj_encode_sge_2014(video-bg, 221, 221). Elapsed time: 00:04:54
[2014/08/14 13:13:19] Finish running densetraj_encode_sge_2014(video-bg, 198, 198). Elapsed time: 00:04:46
[2014/08/14 13:13:20] Finish running densetraj_encode_sge_2014(video-bg, 109, 109). Elapsed time: 00:04:58
[2014/08/14 13:13:24] Finish running densetraj_encode_sge_2014(video-bg, 209, 209). Elapsed time: 00:04:56
[2014/08/14 13:13:25] Finish running densetraj_encode_sge_2014(video-bg, 181, 181). Elapsed time: 00:05:02
[2014/08/14 13:13:28] Finish running densetraj_encode_sge_2014(video-bg, 230, 230). Elapsed time: 00:04:59
[2014/08/14 13:13:32] Finish running densetraj_encode_sge_2014(video-bg, 202, 202). Elapsed time: 00:05:15
[2014/08/14 13:13:33] Finish running densetraj_encode_sge_2014(video-bg, 227, 227). Elapsed time: 00:05:14
[2014/08/14 13:13:33] Finish running densetraj_encode_sge_2014(video-bg, 235, 235). Elapsed time: 00:05:04
[2014/08/14 13:13:40] Finish running densetraj_encode_sge_2014(video-bg, 152, 152). Elapsed time: 00:05:18
[2014/08/14 13:13:44] Finish running densetraj_encode_sge_2014(video-bg, 215, 215). Elapsed time: 00:05:22
[2014/08/14 13:13:45] Finish running densetraj_encode_sge_2014(video-bg, 219, 219). Elapsed time: 00:05:23
[2014/08/14 13:13:53] Finish running densetraj_encode_sge_2014(video-bg, 210, 210). Elapsed time: 00:05:24
[2014/08/14 13:13:56] Finish running densetraj_encode_sge_2014(video-bg, 231, 231). Elapsed time: 00:05:33
[2014/08/14 13:14:07] Finish running densetraj_encode_sge_2014(video-bg, 201, 201). Elapsed time: 00:05:34
[2014/08/14 13:14:18] Finish running densetraj_encode_sge_2014(video-bg, 186, 186). Elapsed time: 00:05:51
[2014/08/14 13:14:25] Finish running densetraj_encode_sge_2014(video-bg, 226, 226). Elapsed time: 00:05:58
[2014/08/14 13:14:31] Finish running densetraj_encode_sge_2014(video-bg, 213, 213). Elapsed time: 00:06:14
[2014/08/14 13:14:33] Finish running densetraj_encode_sge_2014(video-bg, 193, 193). Elapsed time: 00:06:05
[2014/08/14 13:14:34] Finish running densetraj_encode_sge_2014(video-bg, 224, 224). Elapsed time: 00:06:34
[2014/08/14 13:14:35] Finish running densetraj_encode_sge_2014(video-bg, 149, 149). Elapsed time: 00:06:13
[2014/08/14 13:14:52] Finish running densetraj_encode_sge_2014(video-bg, 200, 200). Elapsed time: 00:06:33
[2014/08/14 13:14:59] Finish running densetraj_encode_sge_2014(video-bg, 141, 141). Elapsed time: 00:06:30
[2014/08/14 13:15:04] Finish running densetraj_encode_sge_2014(video-bg, 214, 214). Elapsed time: 00:06:47
[2014/08/14 13:15:17] Finish running densetraj_encode_sge_2014(video-bg, 205, 205). Elapsed time: 00:06:59
[2014/08/14 13:15:26] Finish running densetraj_encode_sge_2014(video-bg, 197, 197). Elapsed time: 00:07:09
[2014/08/14 13:15:41] Finish running densetraj_encode_sge_2014(video-bg, 212, 212). Elapsed time: 00:07:22
[2014/08/14 13:15:48] Finish running densetraj_encode_sge_2014(video-bg, 211, 211). Elapsed time: 00:07:18
[2014/08/14 13:15:49] Finish running densetraj_encode_sge_2014(video-bg, 199, 199). Elapsed time: 00:07:31
[2014/08/14 13:15:55] Finish running densetraj_encode_sge_2014(video-bg, 208, 208). Elapsed time: 00:07:32
[2014/08/14 13:15:57] Finish running densetraj_encode_sge_2014(video-bg, 147, 147). Elapsed time: 00:07:39
[2014/08/14 13:16:01] Finish running densetraj_encode_sge_2014(video-bg, 203, 203). Elapsed time: 00:07:42
[2014/08/14 13:16:03] Finish running densetraj_encode_sge_2014(video-bg, 144, 144). Elapsed time: 00:07:30
[2014/08/14 13:16:23] Finish running densetraj_encode_sge_2014(video-bg, 195, 195). Elapsed time: 00:07:54
[2014/08/14 13:16:36] Finish running densetraj_encode_sge_2014(video-bg, 161, 161). Elapsed time: 00:08:02
[2014/08/14 13:16:41] Finish running densetraj_encode_sge_2014(video-bg, 190, 190). Elapsed time: 00:08:13
[2014/08/14 13:16:44] Finish running densetraj_encode_sge_2014(video-bg, 178, 178). Elapsed time: 00:08:21
[2014/08/14 13:16:45] Finish running densetraj_encode_sge_2014(video-bg, 164, 164). Elapsed time: 00:08:16
[2014/08/14 13:16:50] Finish running densetraj_encode_sge_2014(video-bg, 207, 207). Elapsed time: 00:08:28
[2014/08/14 13:17:07] Finish running densetraj_encode_sge_2014(video-bg, 196, 196). Elapsed time: 00:08:47
[2014/08/14 13:17:20] Finish running densetraj_encode_sge_2014(video-bg, 180, 180). Elapsed time: 00:08:59
[2014/08/14 13:17:26] Finish running densetraj_encode_sge_2014(video-bg, 191, 191). Elapsed time: 00:09:03
[2014/08/14 13:17:33] Finish running densetraj_encode_sge_2014(video-bg, 185, 185). Elapsed time: 00:09:15
[2014/08/14 13:17:37] Finish running densetraj_encode_sge_2014(video-bg, 145, 145). Elapsed time: 00:09:18
[2014/08/14 13:17:48] Finish running densetraj_encode_sge_2014(video-bg, 95, 95). Elapsed time: 00:09:19
[2014/08/14 13:17:58] Finish running densetraj_encode_sge_2014(video-bg, 194, 194). Elapsed time: 00:09:41
[2014/08/14 13:17:58] Finish running densetraj_encode_sge_2014(video-bg, 183, 183). Elapsed time: 00:09:41
[2014/08/14 13:18:07] Finish running densetraj_encode_sge_2014(video-bg, 101, 101). Elapsed time: 00:09:38
[2014/08/14 13:18:10] Finish running densetraj_encode_sge_2014(video-bg, 175, 175). Elapsed time: 00:09:54
[2014/08/14 13:18:13] Finish running densetraj_encode_sge_2014(video-bg, 116, 116). Elapsed time: 00:09:55
[2014/08/14 13:18:29] Finish running densetraj_encode_sge_2014(video-bg, 192, 192). Elapsed time: 00:10:07
[2014/08/14 13:18:38] Finish running densetraj_encode_sge_2014(video-bg, 170, 170). Elapsed time: 00:10:08
[2014/08/14 13:18:45] Finish running densetraj_encode_sge_2014(video-bg, 160, 160). Elapsed time: 00:10:26
[2014/08/14 13:18:56] Finish running densetraj_encode_sge_2014(video-bg, 177, 177). Elapsed time: 00:10:33
[2014/08/14 13:19:04] Finish running densetraj_encode_sge_2014(video-bg, 137, 137). Elapsed time: 00:10:41
[2014/08/14 13:19:08] Finish running densetraj_encode_sge_2014(video-bg, 173, 173). Elapsed time: 00:11:09
[2014/08/14 13:19:15] Finish running densetraj_encode_sge_2014(video-bg, 119, 119). Elapsed time: 00:10:48
[2014/08/14 13:19:30] Finish running densetraj_encode_sge_2014(video-bg, 172, 172). Elapsed time: 00:11:10
[2014/08/14 13:19:37] Finish running densetraj_encode_sge_2014(video-bg, 169, 169). Elapsed time: 00:11:08
[2014/08/14 13:20:00] Finish running densetraj_encode_sge_2014(video-bg, 112, 112). Elapsed time: 00:11:31
[2014/08/14 13:20:03] Finish running densetraj_encode_sge_2014(video-bg, 176, 176). Elapsed time: 00:11:41
[2014/08/14 13:20:13] Finish running densetraj_encode_sge_2014(video-bg, 228, 228). Elapsed time: 00:11:42
[2014/08/14 13:20:17] Finish running densetraj_encode_sge_2014(video-bg, 124, 124). Elapsed time: 00:11:48
[2014/08/14 13:20:24] Finish running densetraj_encode_sge_2014(video-bg, 155, 155). Elapsed time: 00:12:08
[2014/08/14 13:20:26] Finish running densetraj_encode_sge_2014(video-bg, 114, 114). Elapsed time: 00:12:03
[2014/08/14 13:20:26] Finish running densetraj_encode_sge_2014(video-bg, 139, 139). Elapsed time: 00:12:00
[2014/08/14 13:20:28] Finish running densetraj_encode_sge_2014(video-bg, 121, 121). Elapsed time: 00:11:54
[2014/08/14 13:20:28] Finish running densetraj_encode_sge_2014(video-bg, 130, 130). Elapsed time: 00:11:59
[2014/08/14 13:20:31] Finish running densetraj_encode_sge_2014(video-bg, 158, 158). Elapsed time: 00:12:13
[2014/08/14 13:20:41] Finish running densetraj_encode_sge_2014(video-bg, 174, 174). Elapsed time: 00:12:12
[2014/08/14 13:20:43] Finish running densetraj_encode_sge_2014(video-bg, 133, 133). Elapsed time: 00:12:24
[2014/08/14 13:20:47] Finish running densetraj_encode_sge_2014(video-bg, 150, 150). Elapsed time: 00:12:26
[2014/08/14 13:20:51] Finish running densetraj_encode_sge_2014(video-bg, 69, 69). Elapsed time: 00:12:32
[2014/08/14 13:20:56] Finish running densetraj_encode_sge_2014(video-bg, 138, 138). Elapsed time: 00:12:34
[2014/08/14 13:21:05] Finish running densetraj_encode_sge_2014(video-bg, 118, 118). Elapsed time: 00:12:47
[2014/08/14 13:21:08] Finish running densetraj_encode_sge_2014(video-bg, 135, 135). Elapsed time: 00:12:39
[2014/08/14 13:21:10] Finish running densetraj_encode_sge_2014(video-bg, 129, 129). Elapsed time: 00:12:47
[2014/08/14 13:21:11] Finish running densetraj_encode_sge_2014(video-bg, 132, 132). Elapsed time: 00:12:51
[2014/08/14 13:21:22] Finish running densetraj_encode_sge_2014(video-bg, 156, 156). Elapsed time: 00:12:53
[2014/08/14 13:21:23] Finish running densetraj_encode_sge_2014(video-bg, 100, 100). Elapsed time: 00:13:06
[2014/08/14 13:21:27] Finish running densetraj_encode_sge_2014(video-bg, 163, 163). Elapsed time: 00:13:07
[2014/08/14 13:21:28] Finish running densetraj_encode_sge_2014(video-bg, 168, 168). Elapsed time: 00:13:05
[2014/08/14 13:21:35] Finish running densetraj_encode_sge_2014(video-bg, 92, 92). Elapsed time: 00:13:08
[2014/08/14 13:22:01] Finish running densetraj_encode_sge_2014(video-bg, 171, 171). Elapsed time: 00:13:31
[2014/08/14 13:22:10] Finish running densetraj_encode_sge_2014(video-bg, 146, 146). Elapsed time: 00:13:53
[2014/08/14 13:22:12] Finish running densetraj_encode_sge_2014(video-bg, 82, 82). Elapsed time: 00:13:49
[2014/08/14 13:22:17] Finish running densetraj_encode_sge_2014(video-bg, 148, 148). Elapsed time: 00:13:55
[2014/08/14 13:22:21] Finish running densetraj_encode_sge_2014(video-bg, 107, 107). Elapsed time: 00:13:54
[2014/08/14 13:22:29] Finish running densetraj_encode_sge_2014(video-bg, 102, 102). Elapsed time: 00:14:09
[2014/08/14 13:22:36] Finish running densetraj_encode_sge_2014(video-bg, 131, 131). Elapsed time: 00:14:06
[2014/08/14 13:22:46] Finish running densetraj_encode_sge_2014(video-bg, 84, 84). Elapsed time: 00:14:18
[2014/08/14 13:22:50] Finish running densetraj_encode_sge_2014(video-bg, 115, 115). Elapsed time: 00:14:27
[2014/08/14 13:22:53] Finish running densetraj_encode_sge_2014(video-bg, 136, 136). Elapsed time: 00:14:24
[2014/08/14 13:22:53] Finish running densetraj_encode_sge_2014(video-bg, 166, 166). Elapsed time: 00:14:25
[2014/08/14 13:23:24] Finish running densetraj_encode_sge_2014(video-bg, 127, 127). Elapsed time: 00:15:01
[2014/08/14 13:23:30] Finish running densetraj_encode_sge_2014(video-bg, 167, 167). Elapsed time: 00:15:07
[2014/08/14 13:23:31] Finish running densetraj_encode_sge_2014(video-bg, 162, 162). Elapsed time: 00:15:13
[2014/08/14 13:23:45] Finish running densetraj_encode_sge_2014(video-bg, 154, 154). Elapsed time: 00:15:23
[2014/08/14 13:24:01] Finish running densetraj_encode_sge_2014(video-bg, 157, 157). Elapsed time: 00:16:01
[2014/08/14 13:24:38] Finish running densetraj_encode_sge_2014(video-bg, 142, 142). Elapsed time: 00:16:18
[2014/08/14 13:24:42] Finish running densetraj_encode_sge_2014(video-bg, 143, 143). Elapsed time: 00:16:25
[2014/08/14 13:24:59] Finish running densetraj_encode_sge_2014(video-bg, 122, 122). Elapsed time: 00:16:42
[2014/08/14 13:25:01] Finish running densetraj_encode_sge_2014(video-bg, 89, 89). Elapsed time: 00:16:32
[2014/08/14 13:25:28] Finish running densetraj_encode_sge_2014(video-bg, 159, 159). Elapsed time: 00:17:02
[2014/08/14 13:26:05] Finish running densetraj_encode_sge_2014(video-bg, 68, 68). Elapsed time: 00:17:48
[2014/08/14 13:26:12] Finish running densetraj_encode_sge_2014(video-bg, 98, 98). Elapsed time: 00:17:50
[2014/08/14 13:26:21] Finish running densetraj_encode_sge_2014(video-bg, 117, 117). Elapsed time: 00:18:05
[2014/08/14 13:26:33] Finish running densetraj_encode_sge_2014(video-bg, 108, 108). Elapsed time: 00:18:17
[2014/08/14 13:26:35] Finish running densetraj_encode_sge_2014(video-bg, 126, 126). Elapsed time: 00:18:08
[2014/08/14 13:26:44] Finish running densetraj_encode_sge_2014(video-bg, 123, 123). Elapsed time: 00:18:24
[2014/08/14 13:26:54] Finish running densetraj_encode_sge_2014(video-bg, 97, 97). Elapsed time: 00:18:31
[2014/08/14 13:26:55] Finish running densetraj_encode_sge_2014(video-bg, 153, 153). Elapsed time: 00:18:32
[2014/08/14 13:27:00] Finish running densetraj_encode_sge_2014(video-bg, 91, 91). Elapsed time: 00:18:42
[2014/08/14 13:27:10] Finish running densetraj_encode_sge_2014(video-bg, 80, 80). Elapsed time: 00:18:53
[2014/08/14 13:27:15] Finish running densetraj_encode_sge_2014(video-bg, 120, 120). Elapsed time: 00:18:56
[2014/08/14 13:27:21] Finish running densetraj_encode_sge_2014(video-bg, 128, 128). Elapsed time: 00:18:58
[2014/08/14 13:27:26] Finish running densetraj_encode_sge_2014(video-bg, 125, 125). Elapsed time: 00:19:09
[2014/08/14 13:27:45] Finish running densetraj_encode_sge_2014(video-bg, 106, 106). Elapsed time: 00:19:45
[2014/08/14 13:28:12] Finish running densetraj_encode_sge_2014(video-bg, 63, 63). Elapsed time: 00:19:55
[2014/08/14 13:28:13] Finish running densetraj_encode_sge_2014(video-bg, 134, 134). Elapsed time: 00:19:42
[2014/08/14 13:28:28] Finish running densetraj_encode_sge_2014(video-bg, 61, 61). Elapsed time: 00:19:59
[2014/08/14 13:28:39] Finish running densetraj_encode_sge_2014(video-bg, 103, 103). Elapsed time: 00:20:22
[2014/08/14 13:29:06] Finish running densetraj_encode_sge_2014(video-bg, 104, 104). Elapsed time: 00:20:32
[2014/08/14 13:29:18] Finish running densetraj_encode_sge_2014(video-bg, 105, 105). Elapsed time: 00:20:59
[2014/08/14 13:29:44] Finish running densetraj_encode_sge_2014(video-bg, 83, 83). Elapsed time: 00:21:23
[2014/08/14 13:29:58] Finish running densetraj_encode_sge_2014(video-bg, 65, 65). Elapsed time: 00:21:39
[2014/08/14 13:30:04] Finish running densetraj_encode_sge_2014(video-bg, 113, 113). Elapsed time: 00:21:44
[2014/08/14 13:30:07] Finish running densetraj_encode_sge_2014(video-bg, 85, 85). Elapsed time: 00:21:45
[2014/08/14 13:30:15] Finish running densetraj_encode_sge_2014(video-bg, 77, 77). Elapsed time: 00:21:45
[2014/08/14 13:30:26] Finish running densetraj_encode_sge_2014(video-bg, 110, 110). Elapsed time: 00:22:03
[2014/08/14 13:30:27] Finish running densetraj_encode_sge_2014(video-bg, 188, 188). Elapsed time: 00:21:57
[2014/08/14 13:30:52] Finish running densetraj_encode_sge_2014(video-bg, 99, 99). Elapsed time: 00:22:24
[2014/08/14 13:31:14] Finish running densetraj_encode_sge_2014(video-bg, 96, 96). Elapsed time: 00:22:45
[2014/08/14 13:31:43] Finish running densetraj_encode_sge_2014(video-bg, 79, 79). Elapsed time: 00:23:26
[2014/08/14 13:32:11] Finish running densetraj_encode_sge_2014(video-bg, 88, 88). Elapsed time: 00:23:55
[2014/08/14 13:34:44] Finish running densetraj_encode_sge_2014(video-bg, 93, 93). Elapsed time: 00:26:25
[2014/08/14 13:35:06] Finish running densetraj_encode_sge_2014(video-bg, 76, 76). Elapsed time: 00:26:37
[2014/08/14 13:35:24] Finish running densetraj_encode_sge_2014(video-bg, 72, 72). Elapsed time: 00:26:58
[2014/08/14 13:36:16] Finish running densetraj_encode_sge_2014(video-bg, 62, 62). Elapsed time: 00:27:57
[2014/08/14 13:36:31] Finish running densetraj_encode_sge_2014(video-bg, 74, 74). Elapsed time: 00:28:08
[2014/08/14 13:36:46] Finish running densetraj_encode_sge_2014(video-bg, 50, 50). Elapsed time: 00:28:29
[2014/08/14 13:36:57] Finish running densetraj_encode_sge_2014(video-bg, 73, 73). Elapsed time: 00:28:34
[2014/08/14 13:37:21] Finish running densetraj_encode_sge_2014(video-bg, 47, 47). Elapsed time: 00:28:58
[2014/08/14 13:37:27] Finish running densetraj_encode_sge_2014(video-bg, 87, 87). Elapsed time: 00:29:04
[2014/08/14 13:37:49] Finish running densetraj_encode_sge_2014(video-bg, 86, 86). Elapsed time: 00:29:27
[2014/08/14 13:37:51] Finish running densetraj_encode_sge_2014(video-bg, 111, 111). Elapsed time: 00:29:29
[2014/08/14 13:37:59] Finish running densetraj_encode_sge_2014(video-bg, 56, 56). Elapsed time: 00:29:30
[2014/08/14 13:38:02] Finish running densetraj_encode_sge_2014(video-bg, 78, 78). Elapsed time: 00:29:43
[2014/08/14 13:38:12] Finish running densetraj_encode_sge_2014(video-bg, 64, 64). Elapsed time: 00:29:38
[2014/08/14 13:38:23] Finish running densetraj_encode_sge_2014(video-bg, 90, 90). Elapsed time: 00:30:23
[2014/08/14 13:38:26] Finish running densetraj_encode_sge_2014(video-bg, 34, 34). Elapsed time: 00:30:04
[2014/08/14 13:38:40] Finish running densetraj_encode_sge_2014(video-bg, 45, 45). Elapsed time: 00:30:11
[2014/08/14 13:39:02] Finish running densetraj_encode_sge_2014(video-bg, 39, 39). Elapsed time: 00:30:43
[2014/08/14 13:39:16] Finish running densetraj_encode_sge_2014(video-bg, 21, 21). Elapsed time: 00:30:53
[2014/08/14 13:39:22] Finish running densetraj_encode_sge_2014(video-bg, 42, 42). Elapsed time: 00:31:00
[2014/08/14 13:39:49] Finish running densetraj_encode_sge_2014(video-bg, 70, 70). Elapsed time: 00:31:20
[2014/08/14 13:39:49] Finish running densetraj_encode_sge_2014(video-bg, 140, 140). Elapsed time: 00:31:32
[2014/08/14 13:39:50] Finish running densetraj_encode_sge_2014(video-bg, 66, 66). Elapsed time: 00:31:31
[2014/08/14 13:40:01] Finish running densetraj_encode_sge_2014(video-bg, 59, 59). Elapsed time: 00:31:34
[2014/08/14 13:40:10] Finish running densetraj_encode_sge_2014(video-bg, 54, 54). Elapsed time: 00:31:40
[2014/08/14 13:42:01] Finish running densetraj_encode_sge_2014(video-bg, 94, 94). Elapsed time: 00:33:31
[2014/08/14 13:42:20] Finish running densetraj_encode_sge_2014(video-bg, 15, 15). Elapsed time: 00:34:01
[2014/08/14 13:42:40] Finish running densetraj_encode_sge_2014(video-bg, 55, 55). Elapsed time: 00:34:11
[2014/08/14 13:43:09] Finish running densetraj_encode_sge_2014(video-bg, 71, 71). Elapsed time: 00:34:52
[2014/08/14 13:43:10] Finish running densetraj_encode_sge_2014(video-bg, 53, 53). Elapsed time: 00:34:51
[2014/08/14 13:43:11] Finish running densetraj_encode_sge_2014(video-bg, 25, 25). Elapsed time: 00:34:54
[2014/08/14 13:43:14] Finish running densetraj_encode_sge_2014(video-bg, 31, 31). Elapsed time: 00:34:46
[2014/08/14 13:44:34] Finish running densetraj_encode_sge_2014(video-bg, 60, 60). Elapsed time: 00:36:17
[2014/08/14 13:44:59] Finish running densetraj_encode_sge_2014(video-bg, 75, 75). Elapsed time: 00:36:31
[2014/08/14 13:45:56] Finish running densetraj_encode_sge_2014(video-bg, 35, 35). Elapsed time: 00:37:33
[2014/08/14 13:46:26] Finish running densetraj_encode_sge_2014(video-bg, 38, 38). Elapsed time: 00:37:56
[2014/08/14 13:47:56] Finish running densetraj_encode_sge_2014(video-bg, 67, 67). Elapsed time: 00:39:22
[2014/08/14 13:48:16] Finish running densetraj_encode_sge_2014(video-bg, 27, 27). Elapsed time: 00:39:57
[2014/08/14 13:48:46] Finish running densetraj_encode_sge_2014(video-bg, 46, 46). Elapsed time: 00:40:25
[2014/08/14 13:49:05] Finish running densetraj_encode_sge_2014(video-bg, 58, 58). Elapsed time: 00:40:43
[2014/08/14 13:49:38] Finish running densetraj_encode_sge_2014(video-bg, 41, 41). Elapsed time: 00:41:22
[2014/08/14 13:49:40] Finish running densetraj_encode_sge_2014(video-bg, 43, 43). Elapsed time: 00:41:18
[2014/08/14 13:50:37] Finish running densetraj_encode_sge_2014(video-bg, 36, 36). Elapsed time: 00:42:08
[2014/08/14 13:52:44] Finish running densetraj_encode_sge_2014(video-bg, 16, 16). Elapsed time: 00:44:22
[2014/08/14 13:53:28] Finish running densetraj_encode_sge_2014(video-bg, 49, 49). Elapsed time: 00:45:10
[2014/08/14 13:55:18] Finish running densetraj_encode_sge_2014(video-bg, 28, 28). Elapsed time: 00:46:44
[2014/08/14 13:55:45] Finish running densetraj_encode_sge_2014(video-bg, 26, 26). Elapsed time: 00:47:17
[2014/08/14 13:55:46] Finish running densetraj_encode_sge_2014(video-bg, 19, 19). Elapsed time: 00:47:17
[2014/08/14 13:57:49] Finish running densetraj_encode_sge_2014(video-bg, 33, 33). Elapsed time: 00:49:23
[2014/08/14 13:59:39] Finish running densetraj_encode_sge_2014(video-bg, 51, 51). Elapsed time: 00:51:22
[2014/08/14 14:00:16] Finish running densetraj_encode_sge_2014(video-bg, 44, 44). Elapsed time: 00:51:53
[2014/08/14 14:00:17] Finish running densetraj_encode_sge_2014(video-bg, 9, 9). Elapsed time: 00:52:00
[2014/08/14 14:01:04] Finish running densetraj_encode_sge_2014(video-bg, 48, 48). Elapsed time: 00:52:41
[2014/08/14 14:02:11] Finish running densetraj_encode_sge_2014(video-bg, 32, 32). Elapsed time: 00:53:54
[2014/08/14 14:02:18] Finish running densetraj_encode_sge_2014(video-bg, 40, 40). Elapsed time: 00:53:52
[2014/08/14 14:02:29] Finish running densetraj_encode_sge_2014(video-bg, 5, 5). Elapsed time: 00:54:00
[2014/08/14 14:02:36] Finish running densetraj_encode_sge_2014(video-bg, 8, 8). Elapsed time: 00:54:09
[2014/08/14 14:02:36] Finish running densetraj_encode_sge_2014(video-bg, 22, 22). Elapsed time: 00:54:14
[2014/08/14 14:03:10] Finish running densetraj_encode_sge_2014(video-bg, 52, 52). Elapsed time: 00:54:43
[2014/08/14 14:03:45] Finish running densetraj_encode_sge_2014(video-bg, 24, 24). Elapsed time: 00:55:16
[2014/08/14 14:05:47] Finish running densetraj_encode_sge_2014(video-bg, 18, 18). Elapsed time: 00:57:26
[2014/08/14 14:07:58] Finish running densetraj_encode_sge_2014(video-bg, 1, 1). Elapsed time: 00:59:41
[2014/08/14 14:10:50] Finish running densetraj_encode_sge_2014(video-bg, 37, 37). Elapsed time: 01:02:21
[2014/08/14 14:12:02] Finish running densetraj_encode_sge_2014(video-bg, 17, 17). Elapsed time: 01:03:39
[2014/08/14 14:13:39] Finish running densetraj_encode_sge_2014(video-bg, 81, 81). Elapsed time: 01:05:16
[2014/08/14 14:16:46] Finish running densetraj_encode_sge_2014(video-bg, 20, 20). Elapsed time: 01:08:24
[2014/08/14 14:17:02] Finish running densetraj_encode_sge_2014(video-bg, 10, 10). Elapsed time: 01:08:34
[2014/08/14 14:17:37] Finish running densetraj_encode_sge_2014(video-bg, 30, 30). Elapsed time: 01:09:17
[2014/08/14 14:18:16] Finish running densetraj_encode_sge_2014(video-bg, 57, 57). Elapsed time: 01:09:53
[2014/08/14 14:18:25] Finish running densetraj_encode_sge_2014(video-bg, 23, 23). Elapsed time: 01:10:09
[2014/08/14 14:18:53] Finish running densetraj_encode_sge_2014(video-bg, 7, 7). Elapsed time: 01:10:30
[2014/08/14 14:19:50] Finish running densetraj_encode_sge_2014(video-bg, 14, 14). Elapsed time: 01:11:32
[2014/08/14 14:23:43] Finish running densetraj_encode_sge_2014(video-bg, 6, 6). Elapsed time: 01:15:20
[2014/08/14 14:25:06] Start running densetraj_encode_sge_2014(video-bg, 151, 151)
[2014/08/14 14:25:09] Start running densetraj_encode_sge_2014(video-bg, 218, 218)
[2014/08/14 14:25:09] Start running densetraj_encode_sge_2014(video-bg, 234, 234)
[2014/08/14 14:25:09] Start running densetraj_encode_sge_2014(video-bg, 232, 232)
[2014/08/14 14:25:09] Start running densetraj_encode_sge_2014(video-bg, 236, 236)
[2014/08/14 14:25:09] Start running densetraj_encode_sge_2014(video-bg, 196, 196)
[2014/08/14 14:25:09] Finish running densetraj_encode_sge_2014(video-bg, 195, 195). Elapsed time: 00:00:00
[2014/08/14 14:25:09] Start running densetraj_encode_sge_2014(video-bg, 221, 221)
[2014/08/14 14:25:09] Finish running densetraj_encode_sge_2014(video-bg, 192, 192). Elapsed time: 00:00:00
[2014/08/14 14:25:09] Finish running densetraj_encode_sge_2014(video-bg, 212, 212). Elapsed time: 00:00:00
[2014/08/14 14:25:09] Finish running densetraj_encode_sge_2014(video-bg, 236, 236). Elapsed time: 00:00:00
[2014/08/14 14:25:09] Finish running densetraj_encode_sge_2014(video-bg, 196, 196). Elapsed time: 00:00:00
[2014/08/14 14:25:09] Finish running densetraj_encode_sge_2014(video-bg, 221, 221). Elapsed time: 00:00:00
[2014/08/14 14:25:09] Start running densetraj_encode_sge_2014(video-bg, 191, 191)
[2014/08/14 14:25:09] Start running densetraj_encode_sge_2014(video-bg, 231, 231)
[2014/08/14 14:25:09] Start running densetraj_encode_sge_2014(video-bg, 213, 213)
[2014/08/14 14:25:10] Finish running densetraj_encode_sge_2014(video-bg, 191, 191). Elapsed time: 00:00:00
[2014/08/14 14:25:10] Finish running densetraj_encode_sge_2014(video-bg, 231, 231). Elapsed time: 00:00:00
[2014/08/14 14:25:10] Finish running densetraj_encode_sge_2014(video-bg, 213, 213). Elapsed time: 00:00:00
[2014/08/14 14:25:11] Start running densetraj_encode_sge_2014(video-bg, 194, 194)
[2014/08/14 14:25:11] Start running densetraj_encode_sge_2014(video-bg, 216, 216)
[2014/08/14 14:25:11] Finish running densetraj_encode_sge_2014(video-bg, 194, 194). Elapsed time: 00:00:00
[2014/08/14 14:25:11] Start running densetraj_encode_sge_2014(video-bg, 233, 233)
[2014/08/14 14:25:12] Finish running densetraj_encode_sge_2014(video-bg, 233, 233). Elapsed time: 00:00:00
[2014/08/14 14:25:12] Start running densetraj_encode_sge_2014(video-bg, 200, 200)
[2014/08/14 14:25:12] Start running densetraj_encode_sge_2014(video-bg, 249, 249)
[2014/08/14 14:25:12] Start running densetraj_encode_sge_2014(video-bg, 225, 225)
[2014/08/14 14:25:12] Finish running densetraj_encode_sge_2014(video-bg, 200, 200). Elapsed time: 00:00:00
[2014/08/14 14:25:20] Start running densetraj_encode_sge_2014(video-bg, 208, 208)
[2014/08/14 14:25:20] Start running densetraj_encode_sge_2014(video-bg, 238, 238)
[2014/08/14 14:25:20] Finish running densetraj_encode_sge_2014(video-bg, 208, 208). Elapsed time: 00:00:00
[2014/08/14 14:25:22] Start running densetraj_encode_sge_2014(video-bg, 201, 201)
[2014/08/14 14:25:22] Start running densetraj_encode_sge_2014(video-bg, 174, 174)
[2014/08/14 14:25:22] Start running densetraj_encode_sge_2014(video-bg, 235, 235)
[2014/08/14 14:25:22] Start running densetraj_encode_sge_2014(video-bg, 193, 193)
[2014/08/14 14:25:22] Start running densetraj_encode_sge_2014(video-bg, 224, 224)
[2014/08/14 14:25:22] Start running densetraj_encode_sge_2014(video-bg, 168, 168)
[2014/08/14 14:25:22] Start running densetraj_encode_sge_2014(video-bg, 180, 180)
. Elapsed time: 00:00:00
[2014/08/14 14:25:22] Finish running densetraj_encode_sge_2014(video-bg, 235, 235). Elapsed time: 00:00:00
[2014/08/14 14:25:22] Finish running densetraj_encode_sge_2014(video-bg, 174, 174). Elapsed time: 00:00:00
[2014/08/14 14:25:22] Finish running densetraj_encode_sge_2014(video-bg, 193, 193). Elapsed time: 00:00:00
[2014/08/14 14:25:22] Start running densetraj_encode_sge_2014(video-bg, 210, 210)
. Elapsed time: 00:00:00
[2014/08/14 14:25:22] Finish running densetraj_encode_sge_2014(video-bg, 224, 224). Elapsed time: 00:00:00
[2014/08/14 14:25:22] Start running densetraj_encode_sge_2014(video-bg, 159, 159)
[2014/08/14 14:25:22] Start running densetraj_encode_sge_2014(video-bg, 243, 243)
[2014/08/14 14:25:23] Finish running densetraj_encode_sge_2014(video-bg, 210, 210). Elapsed time: 00:00:00
[2014/08/14 14:25:23] Finish running densetraj_encode_sge_2014(video-bg, 159, 159). Elapsed time: 00:00:00
[2014/08/14 14:25:23] Finish running densetraj_encode_sge_2014(video-bg, 180, 180). Elapsed time: 00:00:00
[2014/08/14 14:25:23] Start running densetraj_encode_sge_2014(video-bg, 184, 184)
[2014/08/14 14:25:23] Start running densetraj_encode_sge_2014(video-bg, 163, 163)
[2014/08/14 14:25:23] Start running densetraj_encode_sge_2014(video-bg, 247, 247)
[2014/08/14 14:25:23] Start running densetraj_encode_sge_2014(video-bg, 176, 176)
[2014/08/14 14:25:23] Start running densetraj_encode_sge_2014(video-bg, 245, 245)
[2014/08/14 14:25:24] Start running densetraj_encode_sge_2014(video-bg, 160, 160)
[2014/08/14 14:25:23] Start running densetraj_encode_sge_2014(video-bg, 198, 198)
[2014/08/14 14:25:23] Start running densetraj_encode_sge_2014(video-bg, 215, 215)
[2014/08/14 14:25:23] Start running densetraj_encode_sge_2014(video-bg, 207, 207)
[2014/08/14 14:25:23] Start running densetraj_encode_sge_2014(video-bg, 157, 157)
[2014/08/14 14:25:24] Finish running densetraj_encode_sge_2014(video-bg, 163, 163). Elapsed time: 00:00:00
[2014/08/14 14:25:24] Start running densetraj_encode_sge_2014(video-bg, 188, 188)
. Elapsed time: 00:00:00
[2014/08/14 14:25:24] Finish running densetraj_encode_sge_2014(video-bg, 211, 211). Elapsed time: 00:00:00
[2014/08/14 14:25:24] Start running densetraj_encode_sge_2014(video-bg, 155, 155)
[2014/08/14 14:25:24] Start running densetraj_encode_sge_2014(video-bg, 171, 171)
[2014/08/14 14:25:24] Start running densetraj_encode_sge_2014(video-bg, 203, 203)
[2014/08/14 14:25:24] Start running densetraj_encode_sge_2014(video-bg, 252, 252)
. Elapsed time: 00:00:00
[2014/08/14 14:25:24] Start running densetraj_encode_sge_2014(video-bg, 228, 228)
. Elapsed time: 00:00:00
[2014/08/14 14:25:24] Finish running densetraj_encode_sge_2014(video-bg, 198, 198). Elapsed time: 00:00:00
[2014/08/14 14:25:24] Start running densetraj_encode_sge_2014(video-bg, 154, 154)
. Elapsed time: 00:00:00
[2014/08/14 14:25:24] Finish running densetraj_encode_sge_2014(video-bg, 155, 155). Elapsed time: 00:00:00
[2014/08/14 14:25:24] Start running densetraj_encode_sge_2014(video-bg, 177, 177)
. Elapsed time: 00:00:00
[2014/08/14 14:25:24] Start running densetraj_encode_sge_2014(video-bg, 240, 240)
[2014/08/14 14:25:24] Start running densetraj_encode_sge_2014(video-bg, 206, 206)
_2014(video-bg, 228, 228). Elapsed time: 00:00:00
[2014/08/14 14:25:24] Finish running densetraj_encode_sge_2014(video-bg, 162, 162). Elapsed time: 00:00:00
[2014/08/14 14:25:24] Finish running densetraj_encode_sge_2014(video-bg, 157, 157). Elapsed time: 00:00:00
[2014/08/14 14:25:24] Finish running densetraj_encode_sge_2014(video-bg, 215, 215). Elapsed time: 00:00:00
[2014/08/14 14:25:24] Finish running densetraj_encode_sge_2014(video-bg, 207, 207). Elapsed time: 00:00:00
[2014/08/14 14:25:24] Start running densetraj_encode_sge_2014(video-bg, 190, 190)
. Elapsed time: 00:00:00
[2014/08/14 14:25:25] Start running densetraj_encode_sge_2014(video-bg, 229, 229)
[2014/08/14 14:25:24] Start running densetraj_encode_sge_2014(video-bg, 230, 230)
[2014/08/14 14:25:24] Start running densetraj_encode_sge_2014(video-bg, 209, 209)
[2014/08/14 14:25:24] Start running densetraj_encode_sge_2014(video-bg, 173, 173)
[2014/08/14 14:25:25] Start running densetraj_encode_sge_2014(video-bg, 202, 202)
[2014/08/14 14:25:25] Start running densetraj_encode_sge_2014(video-bg, 251, 251)
[2014/08/14 14:25:25] Start running densetraj_encode_sge_2014(video-bg, 156, 156)
[2014/08/14 14:25:25] Start running densetraj_encode_sge_2014(video-bg, 170, 170)
[2014/08/14 14:25:25] Finish running densetraj_encode_sge_2014(video-bg, 177, 177). Elapsed time: 00:00:00
[2014/08/14 14:25:25] Finish running densetraj_encode_sge_2014(video-bg, 202, 202). Elapsed time: 00:00:00
[2014/08/14 14:25:25] Finish running densetraj_encode_sge_2014(video-bg, 170, 170). Elapsed time: 00:00:00
[2014/08/14 14:25:25] Finish running densetraj_encode_sge_2014(video-bg, 156, 156). Elapsed time: 00:00:00
[2014/08/14 14:25:24] Start running densetraj_encode_sge_2014(video-bg, 158, 158)
[2014/08/14 14:25:25] Finish running densetraj_encode_sge_2014(video-bg, 209, 209). Elapsed time: 00:00:00
[2014/08/14 14:25:25] Finish running densetraj_encode_sge_2014(video-bg, 230, 230). Elapsed time: 00:00:00
[2014/08/14 14:25:25] Finish running densetraj_encode_sge_2014(video-bg, 254, 254). Elapsed time: 00:00:00
[2014/08/14 14:25:25] Finish running densetraj_encode_sge_2014(video-bg, 173, 173). Elapsed time: 00:00:00
[2014/08/14 14:25:25] Finish running densetraj_encode_sge_2014(video-bg, 158, 158). Elapsed time: 00:00:00
[2014/08/14 14:25:25] Finish running densetraj_encode_sge_2014(video-bg, 190, 190). Elapsed time: 00:00:00
[2014/08/14 14:25:25] Start running densetraj_encode_sge_2014(video-bg, 219, 219)
[2014/08/14 14:25:25] Start running densetraj_encode_sge_2014(video-bg, 165, 165)
[2014/08/14 14:25:25] Start running densetraj_encode_sge_2014(video-bg, 220, 220)
[2014/08/14 14:25:25] Start running densetraj_encode_sge_2014(video-bg, 186, 186)
[2014/08/14 14:25:25] Finish running densetraj_encode_sge_2014(video-bg, 186, 186). Elapsed time: 00:00:00
[2014/08/14 14:25:25] Finish running densetraj_encode_sge_2014(video-bg, 220, 220). Elapsed time: 00:00:00
[2014/08/14 14:25:25] Finish running densetraj_encode_sge_2014(video-bg, 250, 250). Elapsed time: 00:00:00
[2014/08/14 14:25:26] Start running densetraj_encode_sge_2014(video-bg, 199, 199)
[2014/08/14 14:25:25] Start running densetraj_encode_sge_2014(video-bg, 164, 164)
[2014/08/14 14:25:26] Start running densetraj_encode_sge_2014(video-bg, 223, 223)
[2014/08/14 14:25:27] Start running densetraj_encode_sge_2014(video-bg, 214, 214)
[2014/08/14 14:25:26] Start running densetraj_encode_sge_2014(video-bg, 246, 246)
[2014/08/14 14:25:26] Start running densetraj_encode_sge_2014(video-bg, 167, 167)
[2014/08/14 14:25:27] Start running densetraj_encode_sge_2014(video-bg, 227, 227)
[2014/08/14 14:25:27] Start running densetraj_encode_sge_2014(video-bg, 152, 152)
[2014/08/14 14:25:27] Start running densetraj_encode_sge_2014(video-bg, 172, 172)
[2014/08/14 14:25:27] Start running densetraj_encode_sge_2014(video-bg, 187, 187)
[2014/08/14 14:25:27] Start running densetraj_encode_sge_2014(video-bg, 204, 204)
[2014/08/14 14:25:27] Start running densetraj_encode_sge_2014(video-bg, 253, 253)
[2014/08/14 14:25:27] Finish running densetraj_encode_sge_2014(video-bg, 164, 164). Elapsed time: 00:00:00
[2014/08/14 14:25:27] Finish running densetraj_encode_sge_2014(video-bg, 219, 219). Elapsed time: 00:00:00
[2014/08/14 14:25:27] Finish running densetraj_encode_sge_2014(video-bg, 187, 187). Elapsed time: 00:00:00
[2014/08/14 14:25:27] Finish running densetraj_encode_sge_2014(video-bg, 152, 152). Elapsed time: 00:00:00
[2014/08/14 14:25:27] Finish running densetraj_encode_sge_2014(video-bg, 214, 214). Elapsed time: 00:00:00
[2014/08/14 14:25:28] Finish running densetraj_encode_sge_2014(video-bg, 199, 199). Elapsed time: 00:00:00
[2014/08/14 14:25:28] Finish running densetraj_encode_sge_2014(video-bg, 227, 227). Elapsed time: 00:00:00
[2014/08/14 14:25:28] Finish running densetraj_encode_sge_2014(video-bg, 167, 167). Elapsed time: 00:00:00
[2014/08/14 14:25:32] Start running densetraj_encode_sge_2014(video-bg, 169, 169)
[2014/08/14 14:25:32] Start running densetraj_encode_sge_2014(video-bg, 226, 226)
[2014/08/14 14:25:33] Start running densetraj_encode_sge_2014(video-bg, 178, 178)
[2014/08/14 14:25:33] Start running densetraj_encode_sge_2014(video-bg, 241, 241)
[2014/08/14 14:25:33] Start running densetraj_encode_sge_2014(video-bg, 153, 153)
[2014/08/14 14:25:33] Finish running densetraj_encode_sge_2014(video-bg, 169, 169). Elapsed time: 00:00:00
[2014/08/14 14:25:33] Finish running densetraj_encode_sge_2014(video-bg, 197, 197). Elapsed time: 00:00:00
[2014/08/14 14:25:33] Finish running densetraj_encode_sge_2014(video-bg, 226, 226). Elapsed time: 00:00:00
[2014/08/14 14:25:33] Finish running densetraj_encode_sge_2014(video-bg, 178, 178). Elapsed time: 00:00:00
[2014/08/14 14:25:33] Finish running densetraj_encode_sge_2014(video-bg, 153, 153). Elapsed time: 00:00:00
[2014/08/14 14:25:33] Finish running densetraj_encode_sge_2014(video-bg, 205, 205). Elapsed time: 00:00:00
[2014/08/14 14:26:10] Finish running densetraj_encode_sge_2014(video-bg, 253, 253). Elapsed time: 00:00:42
[2014/08/14 14:26:22] Finish running densetraj_encode_sge_2014(video-bg, 234, 234). Elapsed time: 00:01:12
[2014/08/14 14:26:37] Finish running densetraj_encode_sge_2014(video-bg, 245, 245). Elapsed time: 00:01:13
[2014/08/14 14:26:46] Finish running densetraj_encode_sge_2014(video-bg, 232, 232). Elapsed time: 00:01:37
[2014/08/14 14:26:53] Finish running densetraj_encode_sge_2014(video-bg, 239, 239). Elapsed time: 00:01:29
[2014/08/14 14:26:56] Finish running densetraj_encode_sge_2014(video-bg, 252, 252). Elapsed time: 00:01:32
[2014/08/14 14:26:56] Finish running densetraj_encode_sge_2014(video-bg, 248, 248). Elapsed time: 00:01:28
[2014/08/14 14:26:58] Finish running densetraj_encode_sge_2014(video-bg, 237, 237). Elapsed time: 00:01:34
[2014/08/14 14:26:59] Finish running densetraj_encode_sge_2014(video-bg, 240, 240). Elapsed time: 00:01:34
[2014/08/14 14:27:06] Finish running densetraj_encode_sge_2014(video-bg, 249, 249). Elapsed time: 00:01:53
[2014/08/14 14:27:06] Finish running densetraj_encode_sge_2014(video-bg, 206, 206). Elapsed time: 00:01:41
[2014/08/14 14:27:12] Finish running densetraj_encode_sge_2014(video-bg, 244, 244). Elapsed time: 00:01:44
[2014/08/14 14:27:17] Finish running densetraj_encode_sge_2014(video-bg, 238, 238). Elapsed time: 00:01:56
[2014/08/14 14:27:29] Finish running densetraj_encode_sge_2014(video-bg, 241, 241). Elapsed time: 00:01:56
[2014/08/14 14:27:34] Finish running densetraj_encode_sge_2014(video-bg, 251, 251). Elapsed time: 00:02:09
[2014/08/14 14:27:34] Finish running densetraj_encode_sge_2014(video-bg, 242, 242). Elapsed time: 00:02:10
[2014/08/14 14:27:38] Finish running densetraj_encode_sge_2014(video-bg, 246, 246). Elapsed time: 00:02:09
[2014/08/14 14:27:50] Finish running densetraj_encode_sge_2014(video-bg, 247, 247). Elapsed time: 00:02:26
[2014/08/14 14:28:03] Finish running densetraj_encode_sge_2014(video-bg, 243, 243). Elapsed time: 00:02:40
[2014/08/14 14:28:07] Finish running densetraj_encode_sge_2014(video-bg, 217, 217). Elapsed time: 00:02:43
[2014/08/14 14:28:11] Finish running densetraj_encode_sge_2014(video-bg, 223, 223). Elapsed time: 00:02:43
[2014/08/14 14:28:29] Finish running densetraj_encode_sge_2014(video-bg, 151, 151). Elapsed time: 00:03:23
[2014/08/14 14:28:47] Finish running densetraj_encode_sge_2014(video-bg, 229, 229). Elapsed time: 00:03:22
[2014/08/14 14:28:51] Finish running densetraj_encode_sge_2014(video-bg, 225, 225). Elapsed time: 00:03:39
[2014/08/14 14:28:51] Finish running densetraj_encode_sge_2014(video-bg, 182, 182). Elapsed time: 00:03:27
[2014/08/14 14:29:00] Finish running densetraj_encode_sge_2014(video-bg, 218, 218). Elapsed time: 00:03:51
[2014/08/14 14:29:01] Finish running densetraj_encode_sge_2014(video-bg, 189, 189). Elapsed time: 00:03:35
[2014/08/14 14:29:25] Finish running densetraj_encode_sge_2014(video-bg, 216, 216). Elapsed time: 00:04:13
[2014/08/14 14:29:33] Finish running densetraj_encode_sge_2014(video-bg, 204, 204). Elapsed time: 00:04:06
[2014/08/14 14:29:37] Finish running densetraj_encode_sge_2014(video-bg, 222, 222). Elapsed time: 00:04:12
[2014/08/14 14:29:57] Finish running densetraj_encode_sge_2014(video-bg, 165, 165). Elapsed time: 00:04:31
[2014/08/14 14:30:06] Finish running densetraj_encode_sge_2014(video-bg, 184, 184). Elapsed time: 00:04:42
[2014/08/14 14:33:34] Finish running densetraj_encode_sge_2014(video-bg, 11, 11). Elapsed time: 01:25:14
[2014/08/14 14:37:47] Finish running densetraj_encode_sge_2014(video-bg, 12, 12). Elapsed time: 01:29:30
[2014/08/14 14:40:19] Finish running densetraj_encode_sge_2014(video-bg, 3, 3). Elapsed time: 01:31:49
[2014/08/14 14:46:35] Finish running densetraj_encode_sge_2014(video-bg, 13, 13). Elapsed time: 01:38:01
[2014/08/14 14:48:19] Finish running densetraj_encode_sge_2014(video-bg, 4, 4). Elapsed time: 01:39:50
[2014/08/14 14:51:44] Finish running densetraj_encode_sge_2014(video-bg, 2, 2). Elapsed time: 01:43:25
[2014/08/14 15:26:32] Finish running densetraj_encode_sge_2014(video-bg, 29, 29). Elapsed time: 02:18:15
[2014/08/14 16:27:28] Start running densetraj_encode_sge_2014(video-bg, 99000, 99000)
[2014/08/14 16:31:10] Finish running densetraj_encode_sge_2014(video-bg, 99000, 99000). Elapsed time: 00:03:42
