[2014/09/24 19:05:07] Start running densetraj_encode_sge(video-bg, 70015, 73348)
[2014/09/24 19:05:07] Start running densetraj_encode_sge(video-bg, 116691, 120024)
[2014/09/24 19:05:07] Start running densetraj_encode_sge(video-bg, 23339, 26672)
[2014/09/24 19:05:07] Start running densetraj_encode_sge(video-bg, 173369, 176702)
[2014/09/24 19:05:08] Start running densetraj_encode_sge(video-bg, 196707, 200000)
[2014/09/24 19:05:07] Start running densetraj_encode_sge(video-bg, 153365, 156698)
[2014/09/24 19:05:07] Start running densetraj_encode_sge(video-bg, 190039, 193372)
[2014/09/24 19:05:07] Start running densetraj_encode_sge(video-bg, 86685, 90018)
[2014/09/24 19:05:07] Start running densetraj_encode_sge(video-bg, 36675, 40008)[2014/09/24 19:05:08] Start running densetraj_encode_sge(video-bg, 76683, 80016)
)
[2014/09/24 19:05:07] Start running densetraj_encode_sge(video-bg, 136695, 1[2014/09/24 19:05:07] Start running densetraj_encode_sge(video-bg, 133361, 136694)
23358)
[2014/09/24 19:05:07] Start running densetraj_encode_sge(video-bg, 170035, 173368)
[2014/09/24 19:05:07] Start running densetraj_encode_sge(video-bg, 53345, 56678)
[2014/09/24 19:05:08] Start running densetraj_encode_sge(video-bg, 80017, 83350)
[2014/09/24 19:05:08] Start running densetraj_encode_sge(video-bg, 90019, 93352)
)
[2014/09/24 19:05:08] Start running densetraj_encode_sge(video-bg, 110023, 1133[2014/09/24 19:05:08] Start running densetraj_encode_sge(video-bg, 40009, 43342)
46)
[2014/09/24 19:05:08] Start running densetraj_encode_sge(video-bg, 106689, 110022)
014/09/24 19:05:08] Start running densetraj_encode_sge(video-bg, 193373, 196706)
[2014/09/24 19:05:08] Start running densetraj_encode_sge(video-bg, 180037, 183370)
[2014/09/24 19:05:08] Start running densetraj_encode_sge(video-bg, 156699, 160032)
014/09/24 19:05:08] Start running densetraj_encode_sge(video-bg, 183371, 186704)
[2014/09/24 19:05:08] Start running densetraj_encode_sge(video-bg, 10003, 13336)
[2014/09/24 19:05:08] Start running densetraj_encode_sge(video-bg, 93353, 96686)
[2014/09/24 19:05:08] Start running densetraj_encode_sge(video-bg, 73349, 76682)
[2014/09/24 19:05:08] Start running densetraj_encode_sge(video-bg, 166701, 170034)
[2014/09/24 19:05:08] Start running densetraj_encode_sge(video-bg, 100021, 103354)
[2014/09/24 19:05:08] Start running densetraj_encode_sge(video-bg, 50011, 53344)
[2014/09/24 19:05:08] Start running densetraj_encode_sge(video-bg, 163367, 166700[2014/09/24 19:05:08] Start running densetraj_encode_sge(video-bg, 83351, 86684)
[2014/09/24 19:05:08] Start running densetraj_encode_sge(video-bg, 30007, 33340)
)
[2014/09/24 19:05:08] Start running densetraj_encode_sge(video-bg, 143363, 146696)
014/09/24 19:05:08] Start running densetraj_encode_sge(video-bg, 146697, 150030)
[2014/09/24 19:05:08] Start running densetraj_encode_sge(video-bg, 160033, 163366)
[2014/09/24 19:05:08] Start running densetraj_encode_sge(video-bg, 113357, 116690)
[2014/09/24 19:05:08] Start running densetraj_encode_sge(video-bg, 63347, 66680)
[2014/09/24 19:05:08] Start running densetraj_encode_sge(video-bg, 13337, 16670)
[2014/09/24 19:05:08] Start running densetraj_encode_sge(video-bg, 96687, 100020)
[2014/09/24 19:05:08] Start running densetraj_encode_sge(video-bg, 130027, 133360)
[2014/09/25 12:29:33] Start running densetraj_encode_sge(video-bg, 1, 3334)
[2014/09/25 12:30:20] Start running densetraj_encode_sge(video-bg, 3335, 6668)
[2014/09/25 12:30:38] Start running densetraj_encode_sge(video-bg, 6669, 10002)
[2014/09/25 12:31:03] Start running densetraj_encode_sge(video-bg, 10003, 13336)
[2014/09/25 12:31:13] Start running densetraj_encode_sge(video-bg, 13337, 16670)
[2014/09/25 12:31:37] Start running densetraj_encode_sge(video-bg, 16671, 20004)
[2014/09/25 12:31:45] Start running densetraj_encode_sge(video-bg, 20005, 23338)
[2014/09/25 12:32:09] Start running densetraj_encode_sge(video-bg, 23339, 26672)
[2014/09/25 12:32:19] Start running densetraj_encode_sge(video-bg, 26673, 30006)
[2014/09/25 12:32:44] Start running densetraj_encode_sge(video-bg, 30007, 33340)
[2014/09/25 12:32:52] Start running densetraj_encode_sge(video-bg, 33341, 36674)
[2014/09/25 12:33:05] Start running densetraj_encode_sge(video-bg, 36675, 40008)
[2014/09/25 12:33:22] Start running densetraj_encode_sge(video-bg, 40009, 43342)
[2014/09/25 12:33:32] Start running densetraj_encode_sge(video-bg, 43343, 46676)
[2014/09/25 12:33:45] Start running densetraj_encode_sge(video-bg, 46677, 50010)
[2014/09/25 12:33:59] Start running densetraj_encode_sge(video-bg, 50011, 53344)
[2014/09/25 12:34:08] Start running densetraj_encode_sge(video-bg, 53345, 56678)
[2014/09/25 12:34:18] Start running densetraj_encode_sge(video-bg, 56679, 60012)
[2014/09/25 12:34:35] Start running densetraj_encode_sge(video-bg, 60013, 63346)
[2014/09/25 12:34:44] Start running densetraj_encode_sge(video-bg, 63347, 66680)
[2014/09/25 12:34:54] Start running densetraj_encode_sge(video-bg, 66681, 70014)
[2014/09/25 12:35:11] Start running densetraj_encode_sge(video-bg, 70015, 73348)
[2014/09/25 12:35:19] Start running densetraj_encode_sge(video-bg, 73349, 76682)
[2014/09/25 12:35:31] Start running densetraj_encode_sge(video-bg, 76683, 80016)
[2014/09/25 12:35:50] Start running densetraj_encode_sge(video-bg, 80017, 83350)
[2014/09/25 12:35:58] Start running densetraj_encode_sge(video-bg, 83351, 86684)
[2014/09/25 12:36:12] Start running densetraj_encode_sge(video-bg, 86685, 90018)
[2014/09/25 12:36:25] Start running densetraj_encode_sge(video-bg, 90019, 93352)
[2014/09/25 12:36:36] Start running densetraj_encode_sge(video-bg, 93353, 96686)
[2014/09/25 12:36:46] Start running densetraj_encode_sge(video-bg, 96687, 100020)
[2014/09/25 12:36:58] Start running densetraj_encode_sge(video-bg, 100021, 103354)
[2014/09/25 12:37:08] Start running densetraj_encode_sge(video-bg, 103355, 106688)
[2014/09/25 12:37:17] Start running densetraj_encode_sge(video-bg, 106689, 110022)
[2014/09/25 12:37:28] Start running densetraj_encode_sge(video-bg, 110023, 113356)
[2014/09/25 12:37:38] Start running densetraj_encode_sge(video-bg, 113357, 116690)
[2014/09/25 12:37:47] Start running densetraj_encode_sge(video-bg, 116691, 120024)
[2014/09/25 12:37:58] Start running densetraj_encode_sge(video-bg, 120025, 123358)
[2014/09/25 12:38:08] Start running densetraj_encode_sge(video-bg, 123359, 126692)
[2014/09/25 12:38:16] Start running densetraj_encode_sge(video-bg, 126693, 130026)
[2014/09/25 12:38:25] Start running densetraj_encode_sge(video-bg, 130027, 133360)
[2014/09/25 12:38:34] Start running densetraj_encode_sge(video-bg, 133361, 136694)
[2014/09/25 12:38:42] Start running densetraj_encode_sge(video-bg, 136695, 140028)
[2014/09/25 12:38:52] Start running densetraj_encode_sge(video-bg, 140029, 143362)
[2014/09/25 12:39:16] Start running densetraj_encode_sge(video-bg, 140029, 143362)
[2014/09/25 12:39:23] Start running densetraj_encode_sge(video-bg, 143363, 146696)
[2014/09/25 12:39:30] Start running densetraj_encode_sge(video-bg, 146697, 150030)
[2014/09/25 12:39:39] Start running densetraj_encode_sge(video-bg, 150031, 153364)
[2014/09/25 12:39:46] Start running densetraj_encode_sge(video-bg, 153365, 156698)
[2014/09/25 12:39:55] Start running densetraj_encode_sge(video-bg, 156699, 160032)
[2014/09/25 12:40:02] Start running densetraj_encode_sge(video-bg, 160033, 163366)
[2014/09/25 12:40:10] Start running densetraj_encode_sge(video-bg, 163367, 166700)
[2014/09/25 12:40:17] Start running densetraj_encode_sge(video-bg, 166701, 170034)
[2014/09/25 12:40:25] Start running densetraj_encode_sge(video-bg, 170035, 173368)
[2014/09/25 12:40:33] Start running densetraj_encode_sge(video-bg, 173369, 176702)
[2014/09/25 12:40:40] Start running densetraj_encode_sge(video-bg, 176703, 180036)
[2014/09/25 12:40:48] Start running densetraj_encode_sge(video-bg, 180037, 183370)
[2014/09/25 12:40:56] Start running densetraj_encode_sge(video-bg, 183371, 186704)
[2014/09/25 12:41:06] Start running densetraj_encode_sge(video-bg, 186705, 190038)
[2014/09/25 12:41:16] Start running densetraj_encode_sge(video-bg, 190039, 193372)
[2014/09/25 12:41:23] Start running densetraj_encode_sge(video-bg, 193373, 196706)
[2014/09/25 12:41:32] Start running densetraj_encode_sge(video-bg, 196707, 200000)
[2014/09/25 13:31:45] Finish running densetraj_encode_sge(video-bg, 40009, 43342). Elapsed time: 18:26:37
[2014/09/25 13:36:41] Finish running densetraj_encode_sge(video-bg, 176703, 180036). Elapsed time: 18:31:33
[2014/09/25 13:41:58] Finish running densetraj_encode_sge(video-bg, 73349, 76682). Elapsed time: 18:36:50
[2014/09/25 13:44:14] Finish running densetraj_encode_sge(video-bg, 53345, 56678). Elapsed time: 18:39:05
[2014/09/25 13:53:00] Finish running densetraj_encode_sge(video-bg, 183371, 186704). Elapsed time: 18:47:52
