[2014/09/29 11:54:00] Start running densetraj_encode_sge(video-bg, 92457, 95758)
[2[2014/09/29 11:54:00] Start running densetraj_encode_sge(video-bg, 52833, 56134)
14/09/29 11:54:00] Start running densetraj_encode_sge(video-bg, 158497, 161798)
[2014/09/29 11:54:00] Start running densetraj_encode_sge(video-bg, 59437, 62738)
[2014/09/29 11:54:00] Start running densetraj_encode_sge(video-bg, 108967, 112268)
[2014/09/29 11:54:00] Start running densetraj_encode_sge(video-bg, 191517, 194818)
[2014/09/29 11:54:00] Start running densetraj_encode_sge(video-bg, 141987, 145288)
[2014/09/29 11:54:00] Start running densetraj_encode_sge(video-bg, 42927, 46228)

[2014/09/29 11:54:00] Start running densetraj_encode_sge(video-bg, 85853, 89[2014[2014/09/29 11:54:00] Start running densetraj_encode_sge(video-bg, 26417, 29718)
[2014/09/29 11:54:00] Start running densetraj_encode_sge(video-bg, 19813, 23114)
[2014/09/29 11:54:00] Start running densetraj_encode_sge(video-bg, 184913, 188214)
[2014/09/29 11:54:00] Start running densetraj_encode_sge(video-bg, 69343, 72644)
[2014/09/29 11:54:00] Start running densetraj_encode_sge(video-bg, 118873, 122174)
[2014/09/29 11:54:00] Start running densetraj_encode_sge(video-bg, 102363, 105664[2014/09/29 11:54:00] Start running densetraj_encode_sge(video-bg, 125477, 128778)
[2014/09/29 11:54:00] Start running densetraj_encode_sge(video-bg, 168403, 171704)
[2014/09/29 11:54:00] Start running densetraj_encode_sge(video-bg, 151893, 155194)
[2014/09/29 11:54:00] Start running densetraj_encode_sge(video-bg, 3303, 6604)
[2014/09/29 11:54:00] Start running densetraj_encode_sge(video-bg, 181611, 184912)
[2014/09/29 11:54:00] Start running densetraj_encode_sge(video-bg, 145289, 148590)
[2014/09/29 11:54:00] Start running densetraj_encode_sge(video-bg, 138685, 141986)
[2014/09/29 11:54:00] Start running densetraj_encode_sge(video-bg, 39625, 42926)
[2014/09/29 11:54:00] Start running densetraj_encode_sge(video-bg, 49531, 52832)
[2014/09/29 11:54:00] Start running densetraj_encode_sge(video-bg, 16511, 19812)
[2014/09/29 11:54:00] Start running densetraj_encode_sge(video-bg, 115571, 118872)
[2014/09/29 11:54:00] Start running densetraj_encode_sge(video-bg, 148591, 151892)
[2014/09/29 11:54:00] Start running densetraj_encode_sge(video-bg, 72645, 75946)
[2014/09/29 11:54:00] Start running densetraj_encode_sge(video-bg, 13209, 16510)
[2014/09/29 11:54:00] Start running densetraj_encode_sge(video-bg, 6605, 9906)
[2014/09/29 11:54:00] Start running densetraj_encode_sge(video-bg, 105665, 108966)
[2014/09/29 11:54:00] Start running densetraj_encode_sge(video-bg, 62739, 66040)
[2014/09/29 11:54:00] Start running densetraj_encode_sge(video-bg, 161799, 165100)
[2014/09/29 11:54:00] Start running densetraj_encode_sge(video-bg, 194819, 198118)
[2014/09/29 11:54:00] Start running densetraj_encode_sge(video-bg, 79249, 82550)
[2014/09/29 11:54:00] Start running densetraj_encode_sge(video-bg, 46229, 49530)
[2014/09/29 11:54:00] Start running densetraj_encode_sge(video-bg, 29719, 33020)
[2014/09/29 11:54:00] Start running densetraj_encode_sge(video-bg, 112269, 115570)
[2014/09/29 11:54:00] Start running densetraj_encode_sge(video-bg, 128779, 132080)
[2014/09/29 11:54:00] Start running densetraj_encode_sge(video-bg, 95759, 99060)
[2014/09/29 11:54:00] Start running densetraj_encode_sge(video-bg, 178309, 181610)
