[2014/08/14 16:50:34] Start running densetraj_encode_sge_2014(video-bg, 99951, 99951)
[2014/08/14 16:52:10] Finish running densetraj_encode_sge_2014(video-bg, 99951, 99951). Elapsed time: 00:01:35
[2014/08/14 16:55:02] Start running densetraj_encode_sge_2014(video-bg, 2881, 2910)
[2014/08/14 16:55:02] Start running densetraj_encode_sge_2014(video-bg, 331, 360)
[2014/08/14 16:55:03] Start running densetraj_encode_sge_2014(video-bg, 91, 120)
0)
[2014/08/14 16:55:02] Start running densetraj_encode_sge_2014(video-bg, 8551, 8600)
[2014/08/14 16:55:03] Start running densetraj_encode_sge_2014(video-bg, 12201, 12250)
[2014/08/14 16:55:02] Start running densetraj_encode_sge_2014(video-bg, 9951, 10000)
[2014/08/14 16:55:02] Start running densetraj_encode_sge_2014(video-bg, 6201, 6250)[[2014/08/14 16:55:02] Start running densetraj_encode_sge_2014(video-bg, 12301, 12350)[2014/08/14 16:55:03] Start running densetraj_encode_sge_2014(video-bg, 721, 750)
[2014/08/14 16:55:03] Start running densetraj_encode_sge_2014(video-bg, 14451, 14500)
[2014/08/14 16:55:03] Start running densetraj_encode_sge_2014(video-bg, 13101, 13150)
[2014/08/14 16:55:03] Start running densetraj_encode_sge_2014(video-bg, 2341, 2370)
[2014/08/14 16:55:03] Start running densetraj_encode_sge_2014(video-bg, 8451, 8500)
[2014/08/14 16:55:03] Start running densetraj_encode_sge_2014(video-bg, 13801, 13850)
[2014/08/14 16:55:03] Start running densetraj_encode_sge_2014(video-bg, 241, 270)
)
[2014/08/14 16:55:03] Start running densetraj_encode_sge_2014(video-bg, 12001, 12050)
[2014/08/14 16:55:03] Start running densetraj_encode_sge_2014(video-bg, 10251, 10300)
[2014/08/14 16:55:03] Start running densetraj_encode_sge_2014(video-bg, 2821, 2850)
[2014/08/14 16:55:03] Start running densetraj_encode_sge_2014(video-bg, 14001, 14050)
[2014/08/14 16:55:03] Start running densetraj_encode_sge_2014(video-bg, 12751, 12800)
[2014/08/14 16:55:03] Start running densetraj_encode_sge_2014(video-bg, 2701, 2730)
[2014/08/14 16:55:03] Start running densetraj_encode_sge_2014(video-bg, 10551, 10600)
[2014/08/14 16:55:03] Start running densetraj_encode_sge_2014(video-bg, 7501, 7550)
[2014/08/14 16:55:03] Start running densetraj_encode_sge_2014(video-bg, 2551, 2580)
[2014/08/14 16:55:03] Start running densetraj_encode_sge_2014(video-bg, 7301, 7350)
[2014/08/14 16:55:03] Start running densetraj_encode_sge_2014(video-bg, 14801, 14850)
[2014/08/14 16:55:03] Start running densetraj_encode_sge_2014(video-bg, 11751, 11800)
[2014/08/14 16:55:03] Start running densetraj_encode_sge_2014(video-bg, 5251, 5300)
[2014/08/14 16:55:03] Start running densetraj_encode_sge_2014(video-bg, 14851, 14900)
[2014/08/14 16:55:03] Start running densetraj_encode_sge_2014(video-bg, 9551, 9600)
[2014/08/14 16:55:03] Start running densetraj_encode_sge_2014(video-bg, 181, 210)
[2014/08/14 16:55:03] Start running densetraj_encode_sge_2014(video-bg, 1801, 1830)
[2014/08/14 16:55:03] Start running densetraj_encode_sge_2014(video-bg, 12701, 12750)
014/08/14 16:55:03] Start running densetraj_encode_sge_2014(video-bg, 10851, 10900)
[2014/08/14 16:55:03] Start running densetraj_encode_sge_2014(video-bg, 7801, 7850)
[2014/08/14 16:55:03] Start running densetraj_encode_sge_2014(video-bg, 13051, 13100)
[2014/08/14 16:55:03] Start running densetraj_encode_sge_2014(video-bg, 2011, 2040)
[2014/08/14 16:55:03] Start running densetraj_encode_sge_2014(video-bg, 691, 720)
[2014/08/14 16:55:03] Start running densetraj_encode_sge_2014(video-bg, 11451, 11500)
[2014/08/14 16:55:03] Start running densetraj_encode_sge_2014(video-bg, 9201, 9250)
[2014/08/14 16:55:03] Start running densetraj_encode_sge_2014(video-bg, 7001, 7050)
[2014/08/14 16:55:03] Start running densetraj_encode_sge_2014(video-bg, 5551, 5600)
[2014/08/14 16:55:03] Start running densetraj_encode_sge_2014(video-bg, 5701, 5750)
)
[2014/08/14 16:55:03] Start running densetraj_encode_sge_2014(video-bg, 2101, 2130)
[2014/08/14 16:55:03] Start running densetraj_encode_sge_2014(video-bg, 781, 810)
[2014/08/14 16:55:03] Start running densetraj_encode_sge_2014(video-bg, 2281, 2310)
[2014/08/14 16:55:03] Start running densetraj_encode_sge_2014(video-bg, 6851, 6900)
[2014/08/14 16:55:03] Start running densetraj_encode_sge_2014(video-bg, 10501, 10550)
[2014/08/14 16:55:03] Start running densetraj_encode_sge_2014(video-bg, 5201, 5250)
)
[2014/08/14 16:55:03] Start running densetraj_encode_sge_2014(video-bg, 1231, 1260)
[2014/08/14 16:55:04] Start running densetraj_encode_sge_2014(video-bg, 11801, 11850)
[2014/08/14 16:55:04] Start running densetraj_encode_sge_2014(video-bg, 11001, 11050[2014/08/14 16:55:04] Start running densetraj_encode_sge_2014(video-bg, 7351, 7400)
[2014/08/14 16:55:04] Start running densetraj_encode_sge_2014(video-bg, 7951, 8000)
014/08/14 16:55:03] Start running densetraj_encode_sge_2014(video-bg, 991, 1020)
[2014/08/14 16:55:04] Start running densetraj_encode_sge_2014(video-bg, 2071, 2100)
[2014/08/14 16:55:03] Start running densetraj_encode_sge_2014(video-bg, 5651, 5700)
[2014/08/14 16:55:03] Start running densetraj_encode_sge_2014(video-bg, 11351, 11400)
[2014/08/14 16:55:04] Start running densetraj_encode_sge_2014(video-bg, 10951, 11000)
[2014/08/14 16:55:04] Start running densetraj_encode_sge_2014(video-bg, 6901, 6950)
[2014/08/14 16:55:04] Start running densetraj_encode_sge_2014(video-bg, 14401, 14450)
[2014/08/14 16:55:04] Start running densetraj_encode_sge_2014(video-bg, 9101, 9150)
[2014/08/14 16:55:04] Start running densetraj_encode_sge_2014(video-bg, 11301, 11350)
[2014/08/14 16:55:04] Start running densetraj_encode_sge_2014(video-bg, 961, 990)
[2014/08/14 16:55:04] Start running densetraj_encode_sge_2014(video-bg, 8201, 8250)
[2014/08/14 16:55:04] Start running densetraj_encode_sge_2014(video-bg, 13201, 13250)
[2014/08/14 16:55:04] Start running densetraj_encode_sge_2014(video-bg, 61, 90)
[2014/08/14 16:55:04] Start running densetraj_encode_sge_2014(video-bg, 1681, 1710)
[2014/08/14 16:55:04] Start running densetraj_encode_sge_2014(video-bg, 10301, 10350)
[2014/08/14 16:55:04] Start running densetraj_encode_sge_2014(video-bg, 11951, 12000)
[2014/08/14 16:55:04] Start running densetraj_encode_sge_2014(video-bg, 6551, 6600)
[2014/08/14 16:55:04] Start running densetraj_encode_sge_2014(video-bg, 2671, 2700)
[2014/08/14 16:55:04] Start running densetraj_encode_sge_2014(video-bg, 14051, 14100)
[2014/08/14 16:55:04] Start running densetraj_encode_sge_2014(video-bg, 13301, 133[2014/08/14 16:55:04] Start running densetraj_encode_sge_2014(video-bg, 421, 450)
70)
[2014/08/14 16:55:04] Start running densetraj_encode_sge_2014(video-bg, 11101, 11150)
[2014/08/14 16:55:04] Start running densetraj_encode_sge_2014(video-bg, 14251, 14300)
[2014/08/14 16:55:04] Start running densetraj_encode_sge_2014(video-bg, 5801, 5850)
[2014/08/14 16:55:04] Start running densetraj_encode_sge_2014(video-bg, 8101, 8150)
[2014/08/14 16:55:04] Start running densetraj_encode_sge_2014(video-bg, 8951, 9000)
[2014/08/14 16:55:04] Start running densetraj_encode_sge_2014(video-bg, 1291, 1320)
[2014/08/14 16:55:04] Start running densetraj_encode_sge_2014(video-bg, 10351, 10400)
[2014/08/14 16:55:04] Start running densetraj_encode_sge_2014(video-bg, 901, 930)
[2014/08/14 16:55:04] Start running densetraj_encode_sge_2014(video-bg, 2221, 2250)
[2014/08/14 16:55:04] Start running densetraj_encode_sge_2014(video-bg, 2161, 2190)
[2014/08/14 16:55:04] Start running densetraj_encode_sge_2014(video-bg, 451, 480)
)
[2014/08/14 16:55:04] Start running densetraj_encode_sge_2014(video-bg, 1771, 1800)
)
[2014/08/14 16:55:04] Start running densetraj_encode_sge_2014(video-bg, 2941, 2970)
[2[2014/08/14 16:55:04] Start running densetraj_encode_sge_2014(video-bg, 14201, 14250[2014/08/14 16:55:04] Start running densetraj_encode_sge_2014(video-bg, 6001, 6050)
)
[2014/08/14 16:55:04] Start running densetraj_encode_sge_2014(video-bg, 12501, 12550)
[2014/08/14 16:55:04] Start running densetraj_encode_sge_2014(video-bg, 8751, 8800)
)
[2014/08/14 16:55:04] Start running densetraj_encode_sge_2014(video-bg, 11851, 11900[2[2014/08/14 16:55:04] Start running densetraj_encode_sge_2014(video-bg, 2611, 2640)
[2014/08/14 16:55:04] Start running densetraj_encode_sge_2014(video-bg, 11901, 11950)
[2014/08/14 16:55:04] Start running densetraj_encode_sge_2014(video-bg, 12401, 12450)
[2014/08/14 16:55:04] Start running densetraj_encode_sge_2014(video-bg, 5151, 5200)
[2014/08/14 16:55:04] Start running densetraj_encode_sge_2014(video-bg, 5101, 5150)
[2014/08/14 16:55:04] Start running densetraj_encode_sge_2014(video-bg, 8651, 8700)
[2014/08/14 16:55:04] Start running densetraj_encode_sge_2014(video-bg, 9851, 9900)
[2014/08/14 16:55:04] Start running densetraj_encode_sge_2014(video-bg, 1411, 1440)
[2014/08/14 16:55:04] Start running densetraj_encode_sge_2014(video-bg, 8851, 8900)
[2014/08/14 16:55:04] Start running densetraj_encode_sge_2014(video-bg, 5901, 5950)
[2014/08/14 16:55:04] Start running densetraj_encode_sge_2014(video-bg, 13401, 13450)
[2014/08/14 16:55:04] Start running densetraj_encode_sge_2014(video-bg, 601, 630)
[2014/08/14 16:55:05] Start running densetraj_encode_sge_2014(video-bg, 12951, 13000)
[2014/08/14 16:55:04] Start running densetraj_encode_sge_2014(video-bg, 7701, 7750)
[2014/08/14 16:55:05] Start running densetraj_encode_sge_2014(video-bg, 9301, 9350)
[2014/08/14 16:55:04] Start running densetraj_encode_sge_2014(video-bg, 5451, 5500)
[2014/08/14 16:55:04] Start running densetraj_encode_sge_2014(video-bg, 11551, 11600)
[2014/08/14 16:55:04] Start running densetraj_encode_sge_2014(video-bg, 1951, 1980)
[2014/08/14 16:55:04] Start running densetraj_encode_sge_2014(video-bg, 2431, 2460)
[2014/08/14 16:55:04] Start running densetraj_encode_sge_2014(video-bg, 14601, 14650)
[2014/08/14 16:55:05] Start running densetraj_encode_sge_2014(video-bg, 7251, 7300)
)
[2014/08/14 16:55:05] Start running densetraj_encode_sge_2014(video-bg, 1111, 1140)
[2014/08/14 16:55:05] Start running densetraj_encode_sge_2014(video-bg, 1861, 1890)
[2014/08/14 16:55:05] Start running densetraj_encode_sge_2014(video-bg, 8401, 8450)
[2014/08/14 16:55:05] Start running densetraj_encode_sge_2014(video-bg, 1201, 1230)
[2014/08/14 16:55:05] Start running densetraj_encode_sge_2014(video-bg, 14751, 14800)
[2014/08/14 16:55:05] Start running densetraj_encode_sge_2014(video-bg, 10601, 10650)
[2014/08/14 16:55:05] Start running densetraj_encode_sge_2014(video-bg, 9451, 9500)
[2014/08/14 16:55:05] Start running densetraj_encode_sge_2014(video-bg, 12801, 12850)
[2014/08/14 16:55:05] Start running densetraj_encode_sge_2014(video-bg, 2521, 2550)
[2014/08/14 16:55:05] Start running densetraj_encode_sge_2014(video-bg, 5301, 5350)
[2014/08/14 16:55:05] Start running densetraj_encode_sge_2014(video-bg, 7551, 7600)
[2014/08/14 16:55:05] Start running densetraj_encode_sge_2014(video-bg, 481, 510)
[2014/08/14 16:55:05] Start running densetraj_encode_sge_2014(video-bg, 11701, 11750)
[2014/08/14 16:55:05] Start running densetraj_encode_sge_2014(video-bg, 7051, 7100)
[2014/08/14 16:55:05] Start running densetraj_encode_sge_2014(video-bg, 10801, 10850)
[2014/08/14 16:55:05] Start running densetraj_encode_sge_2014(video-bg, 13001, 13050)
[2014/08/14 16:55:05] Start running densetraj_encode_sge_2014(video-bg, 1081, 1110)
[2014/08/14 16:55:05] Start running densetraj_encode_sge_2014(video-bg, 631, 660)
[2014/08/14 16:55:05] Start running densetraj_encode_sge_2014(video-bg, 14551, 14600)
[2014/08/14 16:55:05] Start running densetraj_encode_sge_2014(video-bg, 1981, 2010)
[2014/08/14 16:55:05] Start running densetraj_encode_sge_2014(video-bg, 7751, 7800)
[2014/08/14 16:55:05] Start running densetraj_encode_sge_2014(video-bg, 2401, 2430)
[2014/08/14 16:55:05] Start running densetraj_encode_sge_2014(video-bg, 13351, 13400)
[2014/08/14 16:55:05] Start running densetraj_encode_sge_2014(video-bg, 811, 840)
[2014/08/14 16:55:05] Start running densetraj_encode_sge_2014(video-bg, 11251, 11300[2014/08/14 16:55:05] Start running densetraj_encode_sge_2014(video-bg, 10101, 10150)
[2014/08/14 16:55:05] Start running densetraj_encode_sge_2014(video-bg, 2191, 2220)
[2[2014/08/14 16:55:05] Start running densetraj_encode_sge_2014(video-bg, 151, 180)
[2[2014/08/14 16:55:05] Start running densetraj_encode_sge_2014(video-bg, 2761, 2790)
)
[2014/08/14 16:55:05] Start running densetraj_encode_sge_2014(video-bg, 11151, 11200[2[2014/08/14 16:55:05] Start running densetraj_encode_sge_2014(video-bg, 5851, 5900[2014/08/14 16:55:05] Start running densetraj_encode_sge_2014(video-bg, 6401, 6450[2014/08/14 16:55:05] Start running densetraj_encode_sge_2014(video-bg, 11051, 11100)
50)
[2014/08/14 16:55:05] Start running densetraj_encode_sge_2014(video-bg, 1561, 1590)
)
[2014/08/14 16:55:06] Start running densetraj_encode_sge_2014(video-bg, 11651, 11700)
014/08/14 16:55:05] Start running densetraj_encode_sge_2014(video-bg, 10151, 10200)
[2014/08/14 16:55:05] Start running densetraj_encode_sge_2014(video-bg, 14301, 14350)
[2014/08/14 16:55:05] Start running densetraj_encode_sge_2014(video-bg, 8001, 8050)
[2014/08/14 16:55:06] Start running densetraj_encode_sge_2014(video-bg, 10651, 10700)
[2014/08/14 16:55:06] Start running densetraj_encode_sge_2014(video-bg, 5351, 5400)
[2014/08/14 16:55:06] Start running densetraj_encode_sge_2014(video-bg, 1891, 1920)
[2014/08/14 16:55:06] Start running densetraj_encode_sge_2014(video-bg, 541, 570)
[2014/08/14 16:55:06] Start running densetraj_encode_sge_2014(video-bg, 7601, 7650)
[2014/08/14 16:55:06] Start running densetraj_encode_sge_2014(video-bg, 2491, 2520)
[2014/08/14 16:55:06] Start running densetraj_encode_sge_2014(video-bg, 14701, 14750)
[2014/08/14 16:55:06] Start running densetraj_encode_sge_2014(video-bg, 1171, 1200)
[2014/08/14 16:55:06] Start running densetraj_encode_sge_2014(video-bg, 7201, 7250)
[2014/08/14 16:55:06] Start running densetraj_encode_sge_2014(video-bg, 12851, 12900)
[2014/08/14 16:55:06] Start running densetraj_encode_sge_2014(video-bg, 7151, 7200)
[2014/08/14 16:55:06] Start running densetraj_encode_sge_2014(video-bg, 14651, 14700)
[2014/08/14 16:55:06] Start running densetraj_encode_sge_2014(video-bg, 1141, 1170)
[2014/08/14 16:55:06] Start running densetraj_encode_sge_2014(video-bg, 1921, 1950)
[2014/08/14 16:55:06] Start running densetraj_encode_sge_2014(video-bg, 12901, 12950)
[2014/08/14 16:55:06] Start running densetraj_encode_sge_2014(video-bg, 2461, 2490)
[2014/08/14 16:55:06] Start running densetraj_encode_sge_2014(video-bg, 7651, 7700)
[2014/08/14 16:55:06] Start running densetraj_encode_sge_2014(video-bg, 571, 600)
[2014/08/14 16:55:06] Start running densetraj_encode_sge_2014(video-bg, 10701, 10750)
[2014/08/14 16:55:06] Start running densetraj_encode_sge_2014(video-bg, 9351, 9400)
[2014/08/14 16:55:06] Start running densetraj_encode_sge_2014(video-bg, 5401, 5450)
[2014/08/14 16:55:06] Start running densetraj_encode_sge_2014(video-bg, 11601, 11650)
[2014/08/14 16:55:06] Start running densetraj_encode_sge_2014(video-bg, 9901, 9950)
[2014/08/14 16:55:06] Start running densetraj_encode_sge_2014(video-bg, 10201, 10250)
[2014/08/14 16:55:06] Start running densetraj_encode_sge_2014(video-bg, 1621, 1650)
[2014/08/14 16:55:06] Start running densetraj_encode_sge_2014(video-bg, 12051, 12100)
[2014/08/14 16:55:06] Start running densetraj_encode_sge_2014(video-bg, 13651, 13700)
[2014/08/14 16:55:06] Start running densetraj_encode_sge_2014(video-bg, 121, 150)
)
[2014/08/14 16:55:06] Start running densetraj_encode_sge_2014(video-bg, 2731, 2760)
014/08/14 16:55:06] Start running densetraj_encode_sge_2014(video-bg, 8601, 8650)
[2014/08/14 16:55:06] Start running densetraj_encode_sge_2014(video-bg, 6151, 6200)
[2014/08/14 16:55:06] Start running densetraj_encode_sge_2014(video-bg, 13951, 14000)
[2014/08/14 16:55:08] Start running densetraj_encode_sge_2014(video-bg, 12251, 12300)
[2014/08/14 16:55:08] Start running densetraj_encode_sge_2014(video-bg, 10001, 10050)
[2014/08/14 16:55:08] Start running densetraj_encode_sge_2014(video-bg, 8501, 8550)
[2014/08/14 16:55:08] Start running densetraj_encode_sge_2014(video-bg, 6251, 6300)
[2014/08/14 16:55:08] Start running densetraj_encode_sge_2014(video-bg, 1501, 1530)
[2014/08/14 16:55:08] Start running densetraj_encode_sge_2014(video-bg, 13751, 13800)
[2014/08/14 16:55:08] Start running densetraj_encode_sge_2014(video-bg, 271, 300)
[2014/08/14 16:55:08] Start running densetraj_encode_sge_2014(video-bg, 2851, 2880)
[2014/08/14 16:59:12] Start running densetraj_encode_sge_2014(video-bg, 15001, 15050)
[2014/08/14 17:05:43] Start running densetraj_encode_sge_2014(video-bg, 15051, 15100)
[2014/08/14 17:10:29] Start running densetraj_encode_sge_2014(video-bg, 15101, 15150)
[2014/08/14 17:11:43] Start running densetraj_encode_sge_2014(video-bg, 15151, 15200)
[2014/08/14 17:33:58] Start running densetraj_encode_sge_2014(video-bg, 99951, 99955)
[2014/08/14 17:38:57] Start running densetraj_encode_sge_2014(video-bg, 99951, 99955)
