Tue Mar 17 17:02:51 JST 2015
[bc210.hpc.vpl.nii.ac.jp] [1445265] [matlab -nodisplay -r densetraj_encode_sge( 'edu.v1', 14662, 14708)]

                            < M A T L A B (R) >
                  Copyright 1984-2009 The MathWorks, Inc.
                Version 7.9.0.529 (R2009b) 64-bit (glnxa64)
                              August 12, 2009

 
  To get started, type one of these: helpwin, helpdesk, or demo.
  For product information, visit www.mathworks.com.
 
 [14662 --> 14662 --> 14708] Extracting & Encoding for [HVC636853], durations 9 s...
chmod: cannot access `/net/per610a/export/das11f/plsang/codes/kaori-secode-med14.2/log/edutraj_extract_and_encode_hoghofmbh.log': No such file or directory
 [14662 --> 14663 --> 14708] Extracting & Encoding for [HVC734483], durations 9 s...
chmod: cannot access `/net/per610a/export/das11f/plsang/codes/kaori-secode-med14.2/log/edutraj_extract_and_encode_hoghofmbh.log': No such file or directory
 [14662 --> 14664 --> 14708] Extracting & Encoding for [HVC752507], durations 9 s...
chmod: cannot access `/net/per610a/export/das11f/plsang/codes/kaori-secode-med14.2/log/edutraj_extract_and_encode_hoghofmbh.log': No such file or directory
 [14662 --> 14665 --> 14708] Extracting & Encoding for [HVC766527], durations 9 s...
chmod: cannot access `/net/per610a/export/das11f/plsang/codes/kaori-secode-med14.2/log/edutraj_extract_and_encode_hoghofmbh.log': No such file or directory
 [14662 --> 14666 --> 14708] Extracting & Encoding for [HVC767114], durations 9 s...
chmod: cannot access `/net/per610a/export/das11f/plsang/codes/kaori-secode-med14.2/log/edutraj_extract_and_encode_hoghofmbh.log': No such file or directory
 [14662 --> 14667 --> 14708] Extracting & Encoding for [HVC770931], durations 9 s...
chmod: cannot access `/net/per610a/export/das11f/plsang/codes/kaori-secode-med14.2/log/edutraj_extract_and_encode_hoghofmbh.log': No such file or directory
 [14662 --> 14668 --> 14708] Extracting & Encoding for [HVC774822], durations 9 s...
chmod: cannot access `/net/per610a/export/das11f/plsang/codes/kaori-secode-med14.2/log/edutraj_extract_and_encode_hoghofmbh.log': No such file or directory
 [14662 --> 14669 --> 14708] Extracting & Encoding for [HVC784966], durations 9 s...
chmod: cannot access `/net/per610a/export/das11f/plsang/codes/kaori-secode-med14.2/log/edutraj_extract_and_encode_hoghofmbh.log': No such file or directory
 [14662 --> 14670 --> 14708] Extracting & Encoding for [HVC890380], durations 9 s...
chmod: cannot access `/net/per610a/export/das11f/plsang/codes/kaori-secode-med14.2/log/edutraj_extract_and_encode_hoghofmbh.log': No such file or directory
 [14662 --> 14671 --> 14708] Extracting & Encoding for [HVC636822], durations 9 s...
chmod: cannot access `/net/per610a/export/das11f/plsang/codes/kaori-secode-med14.2/log/edutraj_extract_and_encode_hoghofmbh.log': No such file or directory
 [14662 --> 14672 --> 14708] Extracting & Encoding for [HVC032043], durations 8 s...
chmod: cannot access `/net/per610a/export/das11f/plsang/codes/kaori-secode-med14.2/log/edutraj_extract_and_encode_hoghofmbh.log': No such file or directory
 [14662 --> 14673 --> 14708] Extracting & Encoding for [HVC054016], durations 8 s...
chmod: cannot access `/net/per610a/export/das11f/plsang/codes/kaori-secode-med14.2/log/edutraj_extract_and_encode_hoghofmbh.log': No such file or directory
 [14662 --> 14674 --> 14708] Extracting & Encoding for [HVC078148], durations 8 s...
chmod: cannot access `/net/per610a/export/das11f/plsang/codes/kaori-secode-med14.2/log/edutraj_extract_and_encode_hoghofmbh.log': No such file or directory
 [14662 --> 14675 --> 14708] Extracting & Encoding for [HVC110744], durations 8 s...
chmod: cannot access `/net/per610a/export/das11f/plsang/codes/kaori-secode-med14.2/log/edutraj_extract_and_encode_hoghofmbh.log': No such file or directory
 [14662 --> 14676 --> 14708] Extracting & Encoding for [HVC124427], durations 8 s...
chmod: cannot access `/net/per610a/export/das11f/plsang/codes/kaori-secode-med14.2/log/edutraj_extract_and_encode_hoghofmbh.log': No such file or directory
 [14662 --> 14677 --> 14708] Extracting & Encoding for [HVC164848], durations 8 s...
chmod: cannot access `/net/per610a/export/das11f/plsang/codes/kaori-secode-med14.2/log/edutraj_extract_and_encode_hoghofmbh.log': No such file or directory
 [14662 --> 14678 --> 14708] Extracting & Encoding for [HVC439225], durations 8 s...
chmod: cannot access `/net/per610a/export/das11f/plsang/codes/kaori-secode-med14.2/log/edutraj_extract_and_encode_hoghofmbh.log': No such file or directory
 [14662 --> 14679 --> 14708] Extracting & Encoding for [HVC563965], durations 8 s...
chmod: cannot access `/net/per610a/export/das11f/plsang/codes/kaori-secode-med14.2/log/edutraj_extract_and_encode_hoghofmbh.log': No such file or directory
 [14662 --> 14680 --> 14708] Extracting & Encoding for [HVC591251], durations 8 s...
chmod: cannot access `/net/per610a/export/das11f/plsang/codes/kaori-secode-med14.2/log/edutraj_extract_and_encode_hoghofmbh.log': No such file or directory
 [14662 --> 14681 --> 14708] Extracting & Encoding for [HVC897808], durations 8 s...
chmod: cannot access `/net/per610a/export/das11f/plsang/codes/kaori-secode-med14.2/log/edutraj_extract_and_encode_hoghofmbh.log': No such file or directory
 [14662 --> 14682 --> 14708] Extracting & Encoding for [HVC407832], durations 8 s...
chmod: cannot access `/net/per610a/export/das11f/plsang/codes/kaori-secode-med14.2/log/edutraj_extract_and_encode_hoghofmbh.log': No such file or directory
 [14662 --> 14683 --> 14708] Extracting & Encoding for [HVC027905], durations 7 s...
chmod: cannot access `/net/per610a/export/das11f/plsang/codes/kaori-secode-med14.2/log/edutraj_extract_and_encode_hoghofmbh.log': No such file or directory
 [14662 --> 14684 --> 14708] Extracting & Encoding for [HVC045374], durations 7 s...
chmod: cannot access `/net/per610a/export/das11f/plsang/codes/kaori-secode-med14.2/log/edutraj_extract_and_encode_hoghofmbh.log': No such file or directory
 [14662 --> 14685 --> 14708] Extracting & Encoding for [HVC078935], durations 7 s...
chmod: cannot access `/net/per610a/export/das11f/plsang/codes/kaori-secode-med14.2/log/edutraj_extract_and_encode_hoghofmbh.log': No such file or directory
 [14662 --> 14686 --> 14708] Extracting & Encoding for [HVC322049], durations 7 s...
chmod: cannot access `/net/per610a/export/das11f/plsang/codes/kaori-secode-med14.2/log/edutraj_extract_and_encode_hoghofmbh.log': No such file or directory
 [14662 --> 14687 --> 14708] Extracting & Encoding for [HVC335944], durations 7 s...
chmod: cannot access `/net/per610a/export/das11f/plsang/codes/kaori-secode-med14.2/log/edutraj_extract_and_encode_hoghofmbh.log': No such file or directory
 [14662 --> 14688 --> 14708] Extracting & Encoding for [HVC350593], durations 7 s...
chmod: cannot access `/net/per610a/export/das11f/plsang/codes/kaori-secode-med14.2/log/edutraj_extract_and_encode_hoghofmbh.log': No such file or directory
 [14662 --> 14689 --> 14708] Extracting & Encoding for [HVC361050], durations 7 s...
chmod: cannot access `/net/per610a/export/das11f/plsang/codes/kaori-secode-med14.2/log/edutraj_extract_and_encode_hoghofmbh.log': No such file or directory
 [14662 --> 14690 --> 14708] Extracting & Encoding for [HVC467932], durations 7 s...
chmod: cannot access `/net/per610a/export/das11f/plsang/codes/kaori-secode-med14.2/log/edutraj_extract_and_encode_hoghofmbh.log': No such file or directory
 [14662 --> 14691 --> 14708] Extracting & Encoding for [HVC786097], durations 7 s...
chmod: cannot access `/net/per610a/export/das11f/plsang/codes/kaori-secode-med14.2/log/edutraj_extract_and_encode_hoghofmbh.log': No such file or directory
 [14662 --> 14692 --> 14708] Extracting & Encoding for [HVC276000], durations 6 s...
chmod: cannot access `/net/per610a/export/das11f/plsang/codes/kaori-secode-med14.2/log/edutraj_extract_and_encode_hoghofmbh.log': No such file or directory
 [14662 --> 14693 --> 14708] Extracting & Encoding for [HVC394422], durations 6 s...
chmod: cannot access `/net/per610a/export/das11f/plsang/codes/kaori-secode-med14.2/log/edutraj_extract_and_encode_hoghofmbh.log': No such file or directory
 [14662 --> 14694 --> 14708] Extracting & Encoding for [HVC461755], durations 6 s...
chmod: cannot access `/net/per610a/export/das11f/plsang/codes/kaori-secode-med14.2/log/edutraj_extract_and_encode_hoghofmbh.log': No such file or directory
 [14662 --> 14695 --> 14708] Extracting & Encoding for [HVC569329], durations 6 s...
chmod: cannot access `/net/per610a/export/das11f/plsang/codes/kaori-secode-med14.2/log/edutraj_extract_and_encode_hoghofmbh.log': No such file or directory
 [14662 --> 14696 --> 14708] Extracting & Encoding for [HVC609100], durations 6 s...
chmod: cannot access `/net/per610a/export/das11f/plsang/codes/kaori-secode-med14.2/log/edutraj_extract_and_encode_hoghofmbh.log': No such file or directory
 [14662 --> 14697 --> 14708] Extracting & Encoding for [HVC837424], durations 6 s...
chmod: cannot access `/net/per610a/export/das11f/plsang/codes/kaori-secode-med14.2/log/edutraj_extract_and_encode_hoghofmbh.log': No such file or directory
 [14662 --> 14698 --> 14708] Extracting & Encoding for [HVC194119], durations 5 s...
chmod: cannot access `/net/per610a/export/das11f/plsang/codes/kaori-secode-med14.2/log/edutraj_extract_and_encode_hoghofmbh.log': No such file or directory
 [14662 --> 14699 --> 14708] Extracting & Encoding for [HVC207513], durations 5 s...
chmod: cannot access `/net/per610a/export/das11f/plsang/codes/kaori-secode-med14.2/log/edutraj_extract_and_encode_hoghofmbh.log': No such file or directory
 [14662 --> 14700 --> 14708] Extracting & Encoding for [HVC240346], durations 5 s...
chmod: cannot access `/net/per610a/export/das11f/plsang/codes/kaori-secode-med14.2/log/edutraj_extract_and_encode_hoghofmbh.log': No such file or directory
 [14662 --> 14701 --> 14708] Extracting & Encoding for [HVC518210], durations 5 s...
chmod: cannot access `/net/per610a/export/das11f/plsang/codes/kaori-secode-med14.2/log/edutraj_extract_and_encode_hoghofmbh.log': No such file or directory
 [14662 --> 14702 --> 14708] Extracting & Encoding for [HVC573683], durations 5 s...
chmod: cannot access `/net/per610a/export/das11f/plsang/codes/kaori-secode-med14.2/log/edutraj_extract_and_encode_hoghofmbh.log': No such file or directory
 [14662 --> 14703 --> 14708] Extracting & Encoding for [HVC990519], durations 5 s...
chmod: cannot access `/net/per610a/export/das11f/plsang/codes/kaori-secode-med14.2/log/edutraj_extract_and_encode_hoghofmbh.log': No such file or directory
 [14662 --> 14704 --> 14708] Extracting & Encoding for [HVC023450], durations 4 s...
chmod: cannot access `/net/per610a/export/das11f/plsang/codes/kaori-secode-med14.2/log/edutraj_extract_and_encode_hoghofmbh.log': No such file or directory
 [14662 --> 14705 --> 14708] Extracting & Encoding for [HVC035660], durations 4 s...
chmod: cannot access `/net/per610a/export/das11f/plsang/codes/kaori-secode-med14.2/log/edutraj_extract_and_encode_hoghofmbh.log': No such file or directory
 [14662 --> 14706 --> 14708] Extracting & Encoding for [HVC260232], durations 4 s...
chmod: cannot access `/net/per610a/export/das11f/plsang/codes/kaori-secode-med14.2/log/edutraj_extract_and_encode_hoghofmbh.log': No such file or directory
 [14662 --> 14707 --> 14708] Extracting & Encoding for [HVC893916], durations 4 s...
chmod: cannot access `/net/per610a/export/das11f/plsang/codes/kaori-secode-med14.2/log/edutraj_extract_and_encode_hoghofmbh.log': No such file or directory
 [14662 --> 14708 --> 14708] Extracting & Encoding for [HVC381757], durations 2 s...
chmod: cannot access `/net/per610a/export/das11f/plsang/codes/kaori-secode-med14.2/log/edutraj_extract_and_encode_hoghofmbh.log': No such file or directory
Tue Mar 17 17:10:01 JST 2015
